"../../../../../../Users/l014952i/Documents/GitHub/DevilishDiner/DevilishDiner-master/Content/AlexTestBP.uasset" 0
"../../../../../../Users/l014952i/Documents/GitHub/DevilishDiner/DevilishDiner-master/Content/AbbyCollab/AAGGHH.uasset" 1
"../../../Engine/Content/EngineMaterials/T_Default_Material_Grid_N.uasset" 2
"../../../Engine/Content/EngineMaterials/T_Default_Material_Grid_M.uasset" 3
"../../../Engine/Content/Functions/Engine_MaterialFunctions01/Opacity/CameraDepthFade.uasset" 4
"../../../Engine/Content/EngineMaterials/WorldGridMaterial.uasset" 5
"../../../../../../Users/l014952i/Documents/GitHub/DevilishDiner/DevilishDiner-master/Content/AbbyCollab/FemaleBase_FemaleBase.uasset" 6
"../../../../../../Users/l014952i/Documents/GitHub/DevilishDiner/DevilishDiner-master/Content/AbbyCollab/MaleBase_MaleBase.uasset" 7
"../../../../../../Users/l014952i/Documents/GitHub/DevilishDiner/DevilishDiner-master/Content/AlexCollab/FlipBooks/Cursor.uasset" 8
"../../../../../../Users/l014952i/Documents/GitHub/DevilishDiner/DevilishDiner-master/Content/JayCollab/BPI_CharacterInput.uasset" 9
"../../../../../../Users/l014952i/Documents/GitHub/DevilishDiner/DevilishDiner-master/Content/AlexCollab/FlipBooks/New_TextureRenderTarget2D3.uasset" 10
"../../../../../../Users/l014952i/Documents/GitHub/DevilishDiner/DevilishDiner-master/Content/AlexCollab/FlipBooks/New_TextureRenderTarget2D2.uasset" 11
"../../../../../../Users/l014952i/Documents/GitHub/DevilishDiner/DevilishDiner-master/Content/AlexCollab/FlipBooks/New_TextureRenderTarget2D1.uasset" 12
"../../../../../../Users/l014952i/Documents/GitHub/DevilishDiner/DevilishDiner-master/Content/AlexCollab/FlipBooks/New_TextureRenderTarget2D.uasset" 13
"../../../../../../Users/l014952i/Documents/GitHub/DevilishDiner/DevilishDiner-master/Content/JayCollab/Blueprints/CleanableHazards/E_ToolNeeded.uasset" 14
"../../../../../../Users/l014952i/Documents/GitHub/DevilishDiner/DevilishDiner-master/Content/JayCollab/Mannequin/Character/Materials/MaterialLayers/T_ML_Aluminum01_N.uasset" 15
"../../../../../../Users/l014952i/Documents/GitHub/DevilishDiner/DevilishDiner-master/Content/JayCollab/Mannequin/Character/Materials/MaterialLayers/T_ML_Aluminum01.uasset" 16
"../../../../../../Users/l014952i/Documents/GitHub/DevilishDiner/DevilishDiner-master/Content/JayCollab/Mannequin/Character/Materials/MaterialLayers/ML_SoftMetal_UE4.uasset" 17
"../../../../../../Users/l014952i/Documents/GitHub/DevilishDiner/DevilishDiner-master/Content/JayCollab/Mannequin/Character/Textures/T_UE4Logo_Mask.uasset" 18
"../../../../../../Users/l014952i/Documents/GitHub/DevilishDiner/DevilishDiner-master/Content/JayCollab/Mannequin/Character/Materials/MaterialLayers/ML_Plastic_Shiny_Beige_LOGO.uasset" 19
"../../../../../../Users/l014952i/Documents/GitHub/DevilishDiner/DevilishDiner-master/Content/JayCollab/Mannequin/Character/Materials/MaterialLayers/ML_Plastic_Shiny_Beige.uasset" 20
"../../../../../../Users/l014952i/Documents/GitHub/DevilishDiner/DevilishDiner-master/Content/JayCollab/Mannequin/Character/Materials/MaterialLayers/T_ML_Rubber_Blue_01_N.uasset" 21
"../../../../../../Users/l014952i/Documents/GitHub/DevilishDiner/DevilishDiner-master/Content/JayCollab/Mannequin/Character/Materials/MaterialLayers/T_ML_Rubber_Blue_01_D.uasset" 22
"../../../../../../Users/l014952i/Documents/GitHub/DevilishDiner/DevilishDiner-master/Content/JayCollab/Mannequin/Character/Materials/MaterialLayers/ML_GlossyBlack_Latex_UE4.uasset" 23
"../../../Engine/Content/Functions/MaterialLayerFunctions/MatLayerBlend_Simple.uasset" 24
"../../../Engine/Content/Functions/Engine_MaterialFunctions02/Utility/BlendAngleCorrectedNormals.uasset" 25
"../../../Engine/Content/Functions/MaterialLayerFunctions/MatLayerBlend_NormalBlend.uasset" 26
"../../../../../../Users/l014952i/Documents/GitHub/DevilishDiner/DevilishDiner-master/Content/JayCollab/Mannequin/Character/Textures/T_Male_N.uasset" 27
"../../../../../../Users/l014952i/Documents/GitHub/DevilishDiner/DevilishDiner-master/Content/JayCollab/Mannequin/Character/Textures/T_Male_Mask.uasset" 28
"../../../../../../Users/l014952i/Documents/GitHub/DevilishDiner/DevilishDiner-master/Content/JayCollab/Materials/M_Male_BodyBase.uasset" 29
"../../../../../../Users/l014952i/Documents/GitHub/DevilishDiner/DevilishDiner-master/Content/JayCollab/Materials/M_Male_BodyYellow1.uasset" 30
"../../../../../../Users/l014952i/Documents/GitHub/DevilishDiner/DevilishDiner-master/Content/JayCollab/Materials/M_Male_BodyRed.uasset" 31
"../../../../../../Users/l014952i/Documents/GitHub/DevilishDiner/DevilishDiner-master/Content/JayCollab/Materials/M_Male_BodyGreen1.uasset" 32
"../../../../../../Users/l014952i/Documents/GitHub/DevilishDiner/DevilishDiner-master/Content/JayCollab/Materials/M_Male_BodyBlue.uasset" 33
"../../../../../../Users/l014952i/Documents/GitHub/DevilishDiner/DevilishDiner-master/Content/JayCollab/Geometry/Meshes/CubeMaterial.uasset" 34
"../../../../../../Users/l014952i/Documents/GitHub/DevilishDiner/DevilishDiner-master/Content/JayCollab/BPI_PlateCommunication.uasset" 35
"../../../../../../Users/l014952i/Documents/GitHub/DevilishDiner/DevilishDiner-master/Content/AlexCollab/FlipBooks/HazardDecal.uasset" 36
"../../../../../../Users/l014952i/Documents/GitHub/DevilishDiner/DevilishDiner-master/Content/AlexCollab/FlipBooks/HazardDecal_Mat.uasset" 37
"../../../../../../Users/l014952i/Documents/GitHub/DevilishDiner/DevilishDiner-master/Content/AlexCollab/FlipBooks/HazardDecal_Mat_Inst2.uasset" 38
"../../../Engine/Content/EngineMaterials/DefaultMaterial.uasset" 39
"../../../Engine/Content/BasicShapes/Cylinder.uasset" 40
"../../Plugins/FX/Niagara/Content/DynamicInputs/ScaleByCurve/ScaleFloatByCurve.uasset" 41
"../../Plugins/FX/Niagara/Content/Functions/System/SystemChangeState.uasset" 42
"../../Plugins/FX/Niagara/Content/Enums/ENiagaraSystemInactiveMode.uasset" 43
"../../Plugins/FX/Niagara/Content/Enums/ENiagara_EmitterStateOptions.uasset" 44
"../../Plugins/FX/Niagara/Content/Modules/System/SystemState.uasset" 45
"../../../../../../Users/l014952i/Documents/GitHub/DevilishDiner/DevilishDiner-master/Content/JayCollab/Meshes/SM_FireFX.uasset" 46
"../../Plugins/FX/Niagara/Content/Modules/Update/Size/ScaleMeshSize.uasset" 47
"../../Plugins/FX/Niagara/Content/Enums/ENiagaraCoordinateSpace.uasset" 48
"../../Plugins/FX/Niagara/Content/Functions/Localspace/TransformBase.uasset" 49
"../../Plugins/FX/Niagara/Content/Functions/Localspace/TransformVector.uasset" 50
"../../Plugins/FX/Niagara/Content/Modules/Spawn/Velocity/AddVelocity.uasset" 51
"../../Plugins/FX/Niagara/Content/Enums/ENiagaraRandomnessMode.uasset" 52
"../../Plugins/FX/Niagara/Content/Enums/ENiagaraRandomnessEvaluation.uasset" 53
"../../Plugins/FX/Niagara/Content/Functions/V2/CalculateRandomRange.uasset" 54
"../../Plugins/FX/Niagara/Content/DynamicInputs/UniformRange/V2/RandomRangeVector.uasset" 55
"../../../../../../Users/l014952i/Documents/GitHub/DevilishDiner/DevilishDiner-master/Content/JayCollab/Materials/M_BaseParticle.uasset" 56
"../../../../../../Users/l014952i/Documents/GitHub/DevilishDiner/DevilishDiner-master/Content/JayCollab/Materials/M_FireFX.uasset" 57
"../../Plugins/FX/Niagara/Content/Enums/ENiagaraSphereDistributionMode.uasset" 58
"../../Plugins/FX/Niagara/Content/Enums/ENiagaraScaleColorMode.uasset" 59
"../../Plugins/FX/Niagara/Content/Enums/ENiagaraInactiveMode.uasset" 60
"../../Plugins/FX/Niagara/Content/Enums/ENiagaraExpansionMode.uasset" 61
"../../Plugins/FX/Niagara/Content/Enums/ENiagaraEmitterScalabilityMode_Limited.uasset" 62
"../../Plugins/FX/Niagara/Content/Enums/ENiagaraEmitterLifeCycleMode.uasset" 63
"../../Plugins/FX/Niagara/Content/Enums/ENiagaraChannelCorrelation.uasset" 64
"../../Plugins/FX/Niagara/Content/Enums/ENiagara_SpriteRotationMode.uasset" 65
"../../Plugins/FX/Niagara/Content/Enums/ENiagara_SizeScaleMode.uasset" 66
"../../Plugins/FX/Niagara/Content/Enums/ENiagara_PositionInitializationMode.uasset" 67
"../../Plugins/FX/Niagara/Content/Enums/ENiagara_MassInitializationMode.uasset" 68
"../../Plugins/FX/Niagara/Content/Enums/ENiagara_LifetimeMode.uasset" 69
"../../Plugins/FX/Niagara/Content/Enums/ENiagara_InfiniteLoopDuration.uasset" 70
"../../Plugins/FX/Niagara/Content/Enums/ENiagara_ColorInitializationMode.uasset" 71
"../../Plugins/FX/Niagara/Content/Modules/Update/Lifetime/ParticleState.uasset" 72
"../../Plugins/FX/Niagara/Content/Modules/Update/Forces/GravityForce.uasset" 73
"../../Plugins/FX/Niagara/Content/Modules/Update/Forces/Drag.uasset" 74
"../../Plugins/FX/Niagara/Content/Modules/Update/Color/ScaleColor.uasset" 75
"../../Plugins/FX/Niagara/Content/Functions/SphericalToCartesianCoordinates.uasset" 76
"../../Plugins/FX/Niagara/Content/Functions/V2/CalculateRandomPointInSphere.uasset" 77
"../../Plugins/FX/Niagara/Content/Functions/Rotation/MultiplyVectorWithQuaternion.uasset" 78
"../../Plugins/FX/Niagara/Content/Functions/DirectionAndLengthSafe.uasset" 79
"../../Plugins/FX/Niagara/Content/Functions/Rotation/FindQuatBetween.uasset" 80
"../../Plugins/FX/Niagara/Content/Functions/Localspace/SimulationPosition.uasset" 81
"../../Plugins/FX/Niagara/Content/Modules/Spawn/Location/V2/SphereLocation.uasset" 82
"../../Plugins/FX/Niagara/Content/Functions/V2/CalculateRandomRangeFloat.uasset" 83
"../../Plugins/FX/Niagara/Content/Functions/LinearColor/HueShiftLinearColor.uasset" 84
"../../Plugins/FX/Niagara/Content/Functions/V2/CalculateRandomRangeInteger.uasset" 85
"../../Plugins/FX/Niagara/Content/Functions/V2/CalculateRandomBool.uasset" 86
"../../Plugins/FX/Niagara/Content/Enums/ENiagara_UVFlippingMode.uasset" 87
"../../Plugins/FX/Niagara/Content/Modules/Spawn/Initialization/V2/InitializeParticle.uasset" 88
"../../Plugins/FX/Niagara/Content/Modules/Solvers/SolveForcesAndVelocity.uasset" 89
"../../Plugins/FX/Niagara/Content/Functions/GetRandomInfo.uasset" 90
"../../Plugins/FX/Niagara/Content/Functions/RandomRangeFloat.uasset" 91
"../../Plugins/FX/Niagara/Content/Modules/Emitter/SpawnRate.uasset" 92
"../../Plugins/FX/Niagara/Content/Functions/Emitter/EmitterChangeState.uasset" 93
"../../Plugins/FX/Niagara/Content/Enums/ENiagaraExecutionStateManagement.uasset" 94
"../../Plugins/FX/Niagara/Content/Modules/Emitter/EmitterState.uasset" 95
"../../Plugins/FX/Niagara/Content/DynamicInputs/ValueFromCurve/FloatFromCurve.uasset" 96
"../../../../../../Users/l014952i/Documents/GitHub/DevilishDiner/DevilishDiner-master/Content/JayCollab/FX/NE_FireFX.uasset" 97
"../../../../../../Users/l014952i/Documents/GitHub/DevilishDiner/DevilishDiner-master/Content/JayCollab/FX/NS_SteamFX_System.uasset" 98
"../../Plugins/FX/Niagara/Content/Modules/Update/Color/Color.uasset" 99
"../../../../../../Users/l014952i/Documents/GitHub/DevilishDiner/DevilishDiner-master/Content/JayCollab/FX/NS_SadCustomerLeavingFX.uasset" 100
"../../../../../../Users/l014952i/Documents/GitHub/DevilishDiner/DevilishDiner-master/Content/JayCollab/FX/NS_FireFX_System.uasset" 101
"../../../../../../Users/l014952i/Documents/GitHub/DevilishDiner/DevilishDiner-master/Content/JayCollab/FX/NS_CustomerSpawnFX.uasset" 102
"../../../../../../Users/l014952i/Documents/GitHub/DevilishDiner/DevilishDiner-master/Content/AlexCollab/FlipBooks/HazardDecal_Mat_Inst.uasset" 103
"../../../../../../Users/l014952i/Documents/GitHub/DevilishDiner/DevilishDiner-master/Content/JayCollab/Blueprints/CleanableHazards/BP_DroppedPlateHazard.uasset" 104
"../../../../../../Users/l014952i/Documents/GitHub/DevilishDiner/DevilishDiner-master/Content/JayCollab/BPI_TableAndPointsSystem.uasset" 105
"../../../../../../Users/l014952i/Documents/GitHub/DevilishDiner/DevilishDiner-master/Content/JayCollab/FX/NS_HappyCustomerLeavingFX.uasset" 106
"../../../../../../Users/l014952i/Documents/GitHub/DevilishDiner/DevilishDiner-master/Content/AlexCollab/PickupSystem/DeliveryPoint.uasset" 107
"../../../../../../Users/l014952i/Documents/GitHub/DevilishDiner/DevilishDiner-master/Content/JayCollab/Blueprints/ChairLocations/BPI_CustomerTableInfo.uasset" 108
"../../../../../../Users/l014952i/Documents/GitHub/DevilishDiner/DevilishDiner-master/Content/NathanCollab/Scale_Materials/Chair_Texture.uasset" 109
"../../../Engine/Content/Functions/Engine_MaterialFunctions01/Gradient/LinearGradient.uasset" 110
"../../../Engine/Content/Functions/Engine_MaterialFunctions01/ImageAdjustment/CheapContrast.uasset" 111
"../../../Engine/Content/EngineMaterials/DefaultDiffuse.uasset" 112
"../../../Engine/Content/Functions/Engine_MaterialFunctions01/Texturing/WorldAlignedTexture.uasset" 113
"../../../../../../Users/l014952i/Documents/GitHub/DevilishDiner/DevilishDiner-master/Content/NathanCollab/Scale_Materials/Chair_Mat_Scale.uasset" 114
"../../../../../../Users/l014952i/Documents/GitHub/DevilishDiner/DevilishDiner-master/Content/KimCollab/Assets/chairV1.uasset" 115
"../../../../../../Users/l014952i/Documents/GitHub/DevilishDiner/DevilishDiner-master/Content/JayCollab/AI/BPI_CustomerInterface.uasset" 116
"../../../Engine/Content/EditorBlueprintResources/StandardMacros.uasset" 117
"../../../../../../Users/l014952i/Documents/GitHub/DevilishDiner/DevilishDiner-master/Content/JayCollab/Blueprints/ChairLocations/BP_ChairLocation.uasset" 118
"../../../../../../Users/l014952i/Documents/GitHub/DevilishDiner/DevilishDiner-master/Content/AlexCollab/PickupSystem/Counter.uasset" 119
"../../../../../../Users/l014952i/Documents/GitHub/DevilishDiner/DevilishDiner-master/Content/JayCollab/BPI_CounterCheck.uasset" 120
"../../../Engine/Content/BasicShapes/Cube.uasset" 121
"../../../../../../Users/l014952i/Documents/GitHub/DevilishDiner/DevilishDiner-master/Content/JayCollab/BPI_HUDEvents.uasset" 122
"../../../../../../Users/l014952i/Documents/GitHub/DevilishDiner/DevilishDiner-master/Content/AlexCollab/FlipBooks/TimePoints.uasset" 123
"../../../../../../Users/l014952i/Documents/GitHub/DevilishDiner/DevilishDiner-master/Content/AlexCollab/Stanberry.uasset" 124
"../../../../../../Users/l014952i/Documents/GitHub/DevilishDiner/DevilishDiner-master/Content/AlexCollab/Stanberry_Font.uasset" 125
"../../../../../../Users/l014952i/Documents/GitHub/DevilishDiner/DevilishDiner-master/Content/AlexCollab/HUD_StartingTimerCountdown.uasset" 126
"../../../../../../Users/l014952i/Documents/GitHub/DevilishDiner/DevilishDiner-master/Content/AlexCollab/HUD_Points.uasset" 127
"../../../../../../Users/l014952i/Documents/GitHub/DevilishDiner/DevilishDiner-master/Content/AlexCollab/menubg2.uasset" 128
"../../../../../../Users/l014952i/Documents/GitHub/DevilishDiner/DevilishDiner-master/Content/AlexCollab/FlipBooks/MenuButton2.uasset" 129
"../../../../../../Users/l014952i/Documents/GitHub/DevilishDiner/DevilishDiner-master/Content/AlexCollab/FlipBooks/MenuButton.uasset" 130
"../../../../../../Users/l014952i/Documents/GitHub/DevilishDiner/DevilishDiner-master/Content/AlexCollab/HUD_EndCondition.uasset" 131
"../../../../../../Users/l014952i/Documents/GitHub/DevilishDiner/DevilishDiner-master/Content/AlexCollab/HUD_Manager.uasset" 132
"../../../../../../Users/l014952i/Documents/GitHub/DevilishDiner/DevilishDiner-master/Content/AlexCollab/PickupSystem/BP_Counter.uasset" 133
"../../../../../../Users/l014952i/Documents/GitHub/DevilishDiner/DevilishDiner-master/Content/AlexCollab/PickupSystem/BP_PlateManager.uasset" 134
"../../../../../../Users/l014952i/Documents/GitHub/DevilishDiner/DevilishDiner-master/Content/JayCollab/BP_MacroLibrary.uasset" 135
"../../../Engine/Content/BasicShapes/BasicShapeMaterial.uasset" 136
"../../../../../../Users/l014952i/Documents/GitHub/DevilishDiner/DevilishDiner-master/Content/JayCollab/Geometry/Meshes/1M_Cube.uasset" 137
"../../../../../../Users/l014952i/Documents/GitHub/DevilishDiner/DevilishDiner-master/Content/JayCollab/Blueprints/CleanableHazards/BP_BasePickupParent.uasset" 138
"../../../../../../Users/l014952i/Documents/GitHub/DevilishDiner/DevilishDiner-master/Content/AlexCollab/PickupSystem/BP_PickupBase.uasset" 139
"../../../../../../Users/l014952i/Documents/GitHub/DevilishDiner/DevilishDiner-master/Content/AlexCollab/PickupSystem/BP_BaseHoldingPickup.uasset" 140
"../../../../../../Users/l014952i/Documents/GitHub/DevilishDiner/DevilishDiner-master/Content/AlexCollab/FlipBooks/PlateOnFloor.uasset" 141
"../../../../../../Users/l014952i/Documents/GitHub/DevilishDiner/DevilishDiner-master/Content/AlexCollab/FlipBooks/plateoncounter.uasset" 142
"../../../../../../Users/l014952i/Documents/GitHub/DevilishDiner/DevilishDiner-master/Content/AlexCollab/FlipBooks/plateiconbg.uasset" 143
"../../../../../../Users/l014952i/Documents/GitHub/DevilishDiner/DevilishDiner-master/Content/AlexCollab/FlipBooks/OrderNote2.uasset" 144
"../../../Engine/Content/Functions/Engine_MaterialFunctions02/ExampleContent/Textures/flipbook.uasset" 145
"../../../Engine/Content/Functions/Engine_MaterialFunctions02/ExampleContent/Textures/DebugNumberPeriod.uasset" 146
"../../../Engine/Content/Functions/Engine_MaterialFunctions02/ExampleContent/DebugNumberStrip.uasset" 147
"../../../Engine/Content/Functions/Engine_MaterialFunctions01/Texturing/TextureCropping.uasset" 148
"../../../Engine/Content/Functions/Engine_MaterialFunctions01/Texturing/ComputeMipLevel.uasset" 149
"../../../Engine/Content/Functions/Engine_MaterialFunctions02/Utility/DebugScalarValues.uasset" 150
"../../../Engine/Content/Functions/Engine_MaterialFunctions02/Utility/BreakOutFloat2Components.uasset" 151
"../../../Engine/Content/Functions/Engine_MaterialFunctions02/Utility/DebugFloat2Values.uasset" 152
"../../../Engine/Content/Functions/Engine_MaterialFunctions02/Texturing/FlipBook.uasset" 153
"../../../../../../Users/l014952i/Documents/GitHub/DevilishDiner/DevilishDiner-master/Content/AlexCollab/FlipBooks/spritesheet_24.uasset" 154
"../../../../../../Users/l014952i/Documents/GitHub/DevilishDiner/DevilishDiner-master/Content/AlexCollab/FlipBooks/UIFlipbook__Disappear.uasset" 155
"../../../../../../Users/l014952i/Documents/GitHub/DevilishDiner/DevilishDiner-master/Content/AlexCollab/FlipBooks/PlayerRenderMask.uasset" 156
"../../../../../../Users/l014952i/Documents/GitHub/DevilishDiner/DevilishDiner-master/Content/AlexCollab/FlipBooks/NewTextureRenderTarget2D_Mat.uasset" 157
"../../../../../../Users/l014952i/Documents/GitHub/DevilishDiner/DevilishDiner-master/Content/AlexCollab/HUD_PlateFrame.uasset" 158
"../../../../../../Users/l014952i/Documents/GitHub/DevilishDiner/DevilishDiner-master/Content/AlexCollab/PickupSystem/BP_DeliveryPoint.uasset" 159
"../../../../../../Users/l014952i/Documents/GitHub/DevilishDiner/DevilishDiner-master/Content/AlexCollab/UI_PlateQuality.uasset" 160
"../../../../../../Users/l014952i/Documents/GitHub/DevilishDiner/DevilishDiner-master/Content/AlexCollab/UI_FoodQualityTimer.uasset" 161
"../../../../../../Users/l014952i/Documents/GitHub/DevilishDiner/DevilishDiner-master/Content/AlexCollab/PickupSystem/BP_Plate.uasset" 162
"../../../../../../Users/l014952i/Documents/GitHub/DevilishDiner/DevilishDiner-master/Content/JayCollab/Blueprints/CleanableHazards/BP_FireHazard.uasset" 163
"../../../../../../Users/l014952i/Documents/GitHub/DevilishDiner/DevilishDiner-master/Content/AlexCollab/FlipBooks/HazardDecal_Mat_Inst1.uasset" 164
"../../../../../../Users/l014952i/Documents/GitHub/DevilishDiner/DevilishDiner-master/Content/JayCollab/Blueprints/CleanableHazards/BP_EctoPlasmHazard.uasset" 165
"../../../../../../Users/l014952i/Documents/GitHub/DevilishDiner/DevilishDiner-master/Content/JayCollab/AI/T_FindToChair.uasset" 166
"../../../../../../Users/l014952i/Documents/GitHub/DevilishDiner/DevilishDiner-master/Content/JayCollab/AI/T_AtChairLocation.uasset" 167
"../../../../../../Users/l014952i/Documents/GitHub/DevilishDiner/DevilishDiner-master/Content/JayCollab/AI/BB_CustomerBoard.uasset" 168
"../../../../../../Users/l014952i/Documents/GitHub/DevilishDiner/DevilishDiner-master/Content/JayCollab/AI/BT_CustomerWalking.uasset" 169
"../../../../../../Users/l014952i/Documents/GitHub/DevilishDiner/DevilishDiner-master/Content/JayCollab/AI/BP_CustomerExitLocations.uasset" 170
"../../../../../../Users/l014952i/Documents/GitHub/DevilishDiner/DevilishDiner-master/Content/JayCollab/AI/T_FindExitLoc.uasset" 171
"../../../../../../Users/l014952i/Documents/GitHub/DevilishDiner/DevilishDiner-master/Content/JayCollab/AI/BB_CustomerLeavingBoard.uasset" 172
"../../../../../../Users/l014952i/Documents/GitHub/DevilishDiner/DevilishDiner-master/Content/JayCollab/AI/BT_CustomerLeavingTree.uasset" 173
"../../../../../../Users/l014952i/Documents/GitHub/DevilishDiner/DevilishDiner-master/Content/JayCollab/AI/BP_AIController.uasset" 174
"../../../../../../Users/l014952i/Documents/GitHub/DevilishDiner/DevilishDiner-master/Content/JayCollab/AI/BP_Customer.uasset" 175
"../../../../../../Users/l014952i/Documents/GitHub/DevilishDiner/DevilishDiner-master/Content/JayCollab/BP_Camera.uasset" 176
"../../../../../../Users/l014952i/Documents/GitHub/DevilishDiner/DevilishDiner-master/Content/JayCollab/AI/BP_CustomerSpawnLocations.uasset" 177
"../../../../../../Users/l014952i/Documents/GitHub/DevilishDiner/DevilishDiner-master/Content/JayCollab/BP_GameInstance.uasset" 178
"../../../../../../Users/l014952i/Documents/GitHub/DevilishDiner/DevilishDiner-master/Content/JayCollab/GM_DevilishDiner.uasset" 179
"../../../../../../Users/l014952i/Documents/GitHub/DevilishDiner/DevilishDiner-master/Content/JayCollab/Blueprints/BP_BaseInteractable.uasset" 180
"../../../../../../Users/l014952i/Documents/GitHub/DevilishDiner/DevilishDiner-master/Content/JayCollab/Blueprints/CleanableHazards/BP_BaseCleanableHazardParent.uasset" 181
"../../../../../../Users/l014952i/Documents/GitHub/DevilishDiner/DevilishDiner-master/Content/JayCollab/Blueprints/CleanableHazards/BPI_HazardsAndTools.uasset" 182
"../../../../../../Users/l014952i/Documents/GitHub/DevilishDiner/DevilishDiner-master/Content/ArtShowcaseMap/PrototypeAssets/OneDrive_1_11-02-2021/SM_Mop.uasset" 183
"../../../../../../Users/l014952i/Documents/GitHub/DevilishDiner/DevilishDiner-master/Content/JayCollab/Blueprints/CleanableHazards/BP_MopPickup.uasset" 184
"../../../../../../Users/l014952i/Documents/GitHub/DevilishDiner/DevilishDiner-master/Content/ArtShowcaseMap/PrototypeAssets/OneDrive_1_11-02-2021/SM_Extinguisher.uasset" 185
"../../../../../../Users/l014952i/Documents/GitHub/DevilishDiner/DevilishDiner-master/Content/ArtShowcaseMap/PrototypeAssets/OneDrive_1_11-02-2021/Extinguisher/SM_Extinguisher_DefaultMaterial_Roughness.uasset" 186
"../../../../../../Users/l014952i/Documents/GitHub/DevilishDiner/DevilishDiner-master/Content/ArtShowcaseMap/PrototypeAssets/OneDrive_1_11-02-2021/Extinguisher/SM_Extinguisher_DefaultMaterial_Normal.uasset" 187
"../../../../../../Users/l014952i/Documents/GitHub/DevilishDiner/DevilishDiner-master/Content/ArtShowcaseMap/PrototypeAssets/OneDrive_1_11-02-2021/Extinguisher/SM_Extinguisher_DefaultMaterial_Metallic.uasset" 188
"../../../../../../Users/l014952i/Documents/GitHub/DevilishDiner/DevilishDiner-master/Content/ArtShowcaseMap/PrototypeAssets/OneDrive_1_11-02-2021/Extinguisher/SM_Extinguisher_DefaultMaterial_Height.uasset" 189
"../../../../../../Users/l014952i/Documents/GitHub/DevilishDiner/DevilishDiner-master/Content/ArtShowcaseMap/PrototypeAssets/OneDrive_1_11-02-2021/Extinguisher/SM_Extinguisher_DefaultMaterial_BaseColor.uasset" 190
"../../../../../../Users/l014952i/Documents/GitHub/DevilishDiner/DevilishDiner-master/Content/ArtShowcaseMap/PrototypeAssets/OneDrive_1_11-02-2021/Extinguisher/ExstinguisherMat.uasset" 191
"../../../../../../Users/l014952i/Documents/GitHub/DevilishDiner/DevilishDiner-master/Content/JayCollab/Blueprints/CleanableHazards/BP_ExtinguisherPickup.uasset" 192
"../../../../../../Users/l014952i/Documents/GitHub/DevilishDiner/DevilishDiner-master/Content/ArtShowcaseMap/PrototypeAssets/OneDrive_1_11-02-2021/SM_MopBucket.uasset" 193
"../../../../../../Users/l014952i/Documents/GitHub/DevilishDiner/DevilishDiner-master/Content/JayCollab/Blueprints/CleanableHazards/BP_BucketPickup.uasset" 194
"../../../../../../Users/l014952i/Documents/GitHub/DevilishDiner/DevilishDiner-master/Content/MathieuLecerfCollab/AnimationFolder/AnimationFolder/DancyBoi_Skeleton.uasset" 195
"../../../../../../Users/l014952i/Documents/GitHub/DevilishDiner/DevilishDiner-master/Content/MathieuLecerfCollab/AnimationFolder/AnimationFolder/DancyBoi.uasset" 196
"../../../../../../Users/l014952i/Documents/GitHub/DevilishDiner/DevilishDiner-master/Content/JayCollab/BPL_FunctionLib.uasset" 197
"../../../../../../Users/l014952i/Documents/GitHub/DevilishDiner/DevilishDiner-master/Content/AlexCollab/UI_Pause.uasset" 198
"../../../../../../Users/l014952i/Documents/GitHub/DevilishDiner/DevilishDiner-master/Content/AlexCollab/FlipBooks/ThoughtBubble.uasset" 199
"../../../../../../Users/l014952i/Documents/GitHub/DevilishDiner/DevilishDiner-master/Content/AlexCollab/BubbleStates.uasset" 200
"../../../../../../Users/l014952i/Documents/GitHub/DevilishDiner/DevilishDiner-master/Content/AlexCollab/InteractBubble.uasset" 201
"../../../../../../Users/l014952i/Documents/GitHub/DevilishDiner/DevilishDiner-master/Content/AlexCollab/States.uasset" 202
"../../../Engine/Content/Animation/DefaultAnimCurveCompressionSettings.uasset" 203
"../../../Engine/Content/Animation/DefaultAnimBoneCompressionSettings.uasset" 204
"../../../../../../Users/l014952i/Documents/GitHub/DevilishDiner/DevilishDiner-master/Content/MathieuLecerfCollab/AnimationFolder/AnimationFolder/Walk_Animation.uasset" 205
"../../../../../../Users/l014952i/Documents/GitHub/DevilishDiner/DevilishDiner-master/Content/MathieuLecerfCollab/AnimationFolder/AnimationFolder/Idle_Animation.uasset" 206
"../../../../../../Users/l014952i/Documents/GitHub/DevilishDiner/DevilishDiner-master/Content/AlexCollab/BS_Waitors.uasset" 207
"../../../../../../Users/l014952i/Documents/GitHub/DevilishDiner/DevilishDiner-master/Content/MathieuLecerfCollab/AnimationFolder/AnimationFolder/HoldingPlate_Animation.uasset" 208
"../../../../../../Users/l014952i/Documents/GitHub/DevilishDiner/DevilishDiner-master/Content/AlexCollab/BPA_CharacterAnimTest.uasset" 209
"../../../../../../Users/l014952i/Documents/GitHub/DevilishDiner/DevilishDiner-master/Content/JayCollab/BP_BaseCharacter.uasset" 210
"../../../../../../Users/l014952i/Documents/GitHub/DevilishDiner/DevilishDiner-master/Content/JayCollab/BP_BaseController.uasset" 211
"../../../../../../Users/l014952i/Documents/GitHub/DevilishDiner/DevilishDiner-master/Content/AlexCollab/Cursor.uasset" 212
"../../../../../../Users/l014952i/Documents/GitHub/DevilishDiner/DevilishDiner-master/Content/AlexCollab/Test.uasset" 213
"../../../../../../Users/l014952i/Documents/GitHub/DevilishDiner/DevilishDiner-master/Content/AlexCollab/FlipBooks/BG.uasset" 214
"../../../../../../Users/l014952i/Documents/GitHub/DevilishDiner/DevilishDiner-master/Content/AlexCollab/FlipBooks/Button.uasset" 215
"../../../../../../Users/l014952i/Documents/GitHub/DevilishDiner/DevilishDiner-master/Content/AlexCollab/FlipBooks/CursorClicked.uasset" 216
"../../../../../../Users/l014952i/Documents/GitHub/DevilishDiner/DevilishDiner-master/Content/AlexCollab/FlipBooks/OrderNote1.uasset" 217
"../../../../../../Users/l014952i/Documents/GitHub/DevilishDiner/DevilishDiner-master/Content/AlexCollab/FlipBooks/pib.uasset" 218
"../../../../../../Users/l014952i/Documents/GitHub/DevilishDiner/DevilishDiner-master/Content/AlexCollab/FlipBooks/PlateHeld.uasset" 219
"../../Plugins/2D/Paper2D/Content/PlaceholderTextures/DummySpriteTexture.uasset" 220
"../../Plugins/2D/Paper2D/Content/DefaultSpriteMaterial.uasset" 221
"../../Plugins/2D/Paper2D/Content/TranslucentUnlitSpriteMaterial.uasset" 222
"../../../../../../Users/l014952i/Documents/GitHub/DevilishDiner/DevilishDiner-master/Content/AlexCollab/FlipBooks/spritesheet_23__Sprite_7.uasset" 223
"../../../../../../Users/l014952i/Documents/GitHub/DevilishDiner/DevilishDiner-master/Content/AlexCollab/FlipBooks/spritesheet_23__Sprite_6.uasset" 224
"../../../../../../Users/l014952i/Documents/GitHub/DevilishDiner/DevilishDiner-master/Content/AlexCollab/FlipBooks/spritesheet_23__Sprite_5.uasset" 225
"../../../../../../Users/l014952i/Documents/GitHub/DevilishDiner/DevilishDiner-master/Content/AlexCollab/FlipBooks/spritesheet_23__Sprite_4.uasset" 226
"../../../../../../Users/l014952i/Documents/GitHub/DevilishDiner/DevilishDiner-master/Content/AlexCollab/FlipBooks/spritesheet_23__Sprite_3.uasset" 227
"../../../../../../Users/l014952i/Documents/GitHub/DevilishDiner/DevilishDiner-master/Content/AlexCollab/FlipBooks/spritesheet_23__Sprite_2.uasset" 228
"../../../../../../Users/l014952i/Documents/GitHub/DevilishDiner/DevilishDiner-master/Content/AlexCollab/FlipBooks/spritesheet_23__Sprite_1.uasset" 229
"../../../../../../Users/l014952i/Documents/GitHub/DevilishDiner/DevilishDiner-master/Content/AlexCollab/FlipBooks/spritesheet_23__Sprite_0.uasset" 230
"../../../../../../Users/l014952i/Documents/GitHub/DevilishDiner/DevilishDiner-master/Content/AlexCollab/FlipBooks/spritesheet_244.uasset" 231
"../../../../../../Users/l014952i/Documents/GitHub/DevilishDiner/DevilishDiner-master/Content/AlexCollab/FlipBooks/Tile.uasset" 232
"../../../../../../Users/l014952i/Documents/GitHub/DevilishDiner/DevilishDiner-master/Content/AlexCollab/FlipBooks/TileMat.uasset" 233
"../../../../../../Users/l014952i/Documents/GitHub/DevilishDiner/DevilishDiner-master/Content/AlexCollab/FlipBooks/spritesheet_23_.uasset" 234
"../../../../../../Users/l014952i/Documents/GitHub/DevilishDiner/DevilishDiner-master/Content/AlexCollab/FlipBooks/UIFlipbook_Disappear.uasset" 235
"../../../../../../Users/l014952i/Documents/GitHub/DevilishDiner/DevilishDiner-master/Content/ArtShowcaseMap/NewAssests/01_-_Default.uasset" 236
"../../../../../../Users/l014952i/Documents/GitHub/DevilishDiner/DevilishDiner-master/Content/ArtShowcaseMap/NewAssests/FemaleBase.uasset" 237
"../../../../../../Users/l014952i/Documents/GitHub/DevilishDiner/DevilishDiner-master/Content/ArtShowcaseMap/NewAssests/MaleBase.uasset" 238
"../../../../../../Users/l014952i/Documents/GitHub/DevilishDiner/DevilishDiner-master/Content/ArtShowcaseMap/PrototypeAssets/OneDrive_1_11-02-2021/Textures_Tableware/Cup_One_Texture.uasset" 239
"../../../../../../Users/l014952i/Documents/GitHub/DevilishDiner/DevilishDiner-master/Content/ArtShowcaseMap/PrototypeAssets/OneDrive_1_11-02-2021/Textures_Tableware/Cup_One_Texture_Mat.uasset" 240
"../../../../../../Users/l014952i/Documents/GitHub/DevilishDiner/DevilishDiner-master/Content/ArtShowcaseMap/PrototypeAssets/OneDrive_1_11-02-2021/Textures_Tableware/Cup_Two_Texture.uasset" 241
"../../../../../../Users/l014952i/Documents/GitHub/DevilishDiner/DevilishDiner-master/Content/ArtShowcaseMap/PrototypeAssets/OneDrive_1_11-02-2021/Textures_Tableware/Cup_Two_Texture_Mat.uasset" 242
"../../../../../../Users/l014952i/Documents/GitHub/DevilishDiner/DevilishDiner-master/Content/ArtShowcaseMap/PrototypeAssets/OneDrive_1_11-02-2021/Textures_Tableware/Plate_Texture.uasset" 243
"../../../../../../Users/l014952i/Documents/GitHub/DevilishDiner/DevilishDiner-master/Content/ArtShowcaseMap/PrototypeAssets/OneDrive_1_11-02-2021/Textures_Tableware/Plate_Texture_Mat.uasset" 244
"../../../../../../Users/l014952i/Documents/GitHub/DevilishDiner/DevilishDiner-master/Content/BenCollab/Ben_LevelTestBuiltData.uasset" 245
"../../../../../../Users/l014952i/Documents/GitHub/DevilishDiner/DevilishDiner-master/Content/BexCollab/BexPush.uasset" 246
"../../../../../../Users/l014952i/Documents/GitHub/DevilishDiner/DevilishDiner-master/Content/ConnorCollab/ConnorPush.uasset" 247
"../../../../../../Users/l014952i/Documents/GitHub/DevilishDiner/DevilishDiner-master/Content/ConnorCollab/ConnorTest.uasset" 248
"../../../../../../Users/l014952i/Documents/GitHub/DevilishDiner/DevilishDiner-master/Content/ElijahCollab/test.uasset" 249
"../../../../../../Users/l014952i/Documents/GitHub/DevilishDiner/DevilishDiner-master/Content/ElijahCollab/Textures/RockyLava_roughness.uasset" 250
"../../../../../../Users/l014952i/Documents/GitHub/DevilishDiner/DevilishDiner-master/Content/ElijahCollab/Textures/RockyLava_normal.uasset" 251
"../../../../../../Users/l014952i/Documents/GitHub/DevilishDiner/DevilishDiner-master/Content/ElijahCollab/Textures/RockyLava_basecolor.uasset" 252
"../../../../../../Users/l014952i/Documents/GitHub/DevilishDiner/DevilishDiner-master/Content/ElijahCollab/Textures/RockyLava_ambientocclusion.uasset" 253
"../../../../../../Users/l014952i/Documents/GitHub/DevilishDiner/DevilishDiner-master/Content/ElijahCollab/Textures/RockyLava_emissive.uasset" 254
"../../../../../../Users/l014952i/Documents/GitHub/DevilishDiner/DevilishDiner-master/Content/ElijahCollab/Materials/Rock_Mat.uasset" 255
"../../../../../../Users/l014952i/Documents/GitHub/DevilishDiner/DevilishDiner-master/Content/ElijahCollab/Materials/Rock_Mat_Inst.uasset" 256
"../../../../../../Users/l014952i/Documents/GitHub/DevilishDiner/DevilishDiner-master/Content/ElijahCollab/Textures/bricks_roughness.uasset" 257
"../../../../../../Users/l014952i/Documents/GitHub/DevilishDiner/DevilishDiner-master/Content/ElijahCollab/Textures/bricks_normal.uasset" 258
"../../../../../../Users/l014952i/Documents/GitHub/DevilishDiner/DevilishDiner-master/Content/ElijahCollab/Textures/bricks_basecolor.uasset" 259
"../../../../../../Users/l014952i/Documents/GitHub/DevilishDiner/DevilishDiner-master/Content/ElijahCollab/Textures/bricks_ambientocclusion.uasset" 260
"../../../../../../Users/l014952i/Documents/GitHub/DevilishDiner/DevilishDiner-master/Content/ElijahCollab/Materials/Brick_Mat.uasset" 261
"../../../../../../Users/l014952i/Documents/GitHub/DevilishDiner/DevilishDiner-master/Content/ElijahCollab/Meshes/Block_Wall_Mesh.uasset" 262
"../../../../../../Users/l014952i/Documents/GitHub/DevilishDiner/DevilishDiner-master/Content/ElijahCollab/Textures/black_wood_roughness.uasset" 263
"../../../../../../Users/l014952i/Documents/GitHub/DevilishDiner/DevilishDiner-master/Content/ElijahCollab/Textures/black_wood_normal.uasset" 264
"../../../../../../Users/l014952i/Documents/GitHub/DevilishDiner/DevilishDiner-master/Content/ElijahCollab/Textures/black_wood_basecolor.uasset" 265
"../../../../../../Users/l014952i/Documents/GitHub/DevilishDiner/DevilishDiner-master/Content/ElijahCollab/Textures/black_wood_ambientocclusion.uasset" 266
"../../../../../../Users/l014952i/Documents/GitHub/DevilishDiner/DevilishDiner-master/Content/ElijahCollab/Materials/Wood_mat.uasset" 267
"../../../../../../Users/l014952i/Documents/GitHub/DevilishDiner/DevilishDiner-master/Content/ElijahCollab/Materials/Black_shiny_material.uasset" 268
"../../../../../../Users/l014952i/Documents/GitHub/DevilishDiner/DevilishDiner-master/Content/ElijahCollab/Meshes/Door_Mesh.uasset" 269
"../../../../../../Users/l014952i/Documents/GitHub/DevilishDiner/DevilishDiner-master/Content/ElijahCollab/Meshes/Floor_Pane_Mesh.uasset" 270
"../../../../../../Users/l014952i/Documents/GitHub/DevilishDiner/DevilishDiner-master/Content/ElijahCollab/Meshes/Wall_Door_Frame_Mesh.uasset" 271
"../../../../../../Users/l014952i/Documents/GitHub/DevilishDiner/DevilishDiner-master/Content/ElijahCollab/Materials/Transparent_mat.uasset" 272
"../../../../../../Users/l014952i/Documents/GitHub/DevilishDiner/DevilishDiner-master/Content/ElijahCollab/Meshes/Wall_with_Window2_Mesh.uasset" 273
"../../../../../../Users/l014952i/Documents/GitHub/DevilishDiner/DevilishDiner-master/Content/ElijahCollab/Textures/Lava_emissive.uasset" 274
"../../../../../../Users/l014952i/Documents/GitHub/DevilishDiner/DevilishDiner-master/Content/JayCollab/AI/T_RandomHazardDrop.uasset" 275
"../../../../../../Users/l014952i/Documents/GitHub/DevilishDiner/DevilishDiner-master/Content/JayCollab/Blueprints/BP_DamageParent.uasset" 276
"../../../../../../Users/l014952i/Documents/GitHub/DevilishDiner/DevilishDiner-master/Content/JayCollab/Blueprints/BP_DamageVolume.uasset" 277
"../../../../../../Users/l014952i/Documents/GitHub/DevilishDiner/DevilishDiner-master/Content/JayCollab/Blueprints/ChairLocations/BP_EmptyChairLocation.uasset" 278
"../../../../../../Users/l014952i/Documents/GitHub/DevilishDiner/DevilishDiner-master/Content/JayCollab/Blueprints/CleanableHazards/S_AllHazards.uasset" 279
"../../Plugins/FX/Niagara/Content/Functions/DeriveThirdOrthogonalVector.uasset" 280
"../../Plugins/FX/Niagara/Content/Modules/Spawn/Location/RotateAroundPoint.uasset" 281
"../../Plugins/FX/Niagara/Content/Functions/Math/RemapValueRange.uasset" 282
"../../Plugins/FX/Niagara/Content/Functions/PolarToCartesianCoordinates.uasset" 283
"../../Plugins/FX/Niagara/Content/Functions/RandomVectorInCone.uasset" 284
"../../Plugins/FX/Niagara/Content/Modules/Spawn/Velocity/AddVelocityInCone.uasset" 285
"../../Plugins/FX/Niagara/Content/DynamicInputs/UniformRange/V2/RandomRangeFloat.uasset" 286
"../../Plugins/FX/Niagara/Content/DefaultAssets/DefaultSpriteMaterial.uasset" 287
"../../../../../../Users/l014952i/Documents/GitHub/DevilishDiner/DevilishDiner-master/Content/JayCollab/FX/NE_CharacterSpawningFX.uasset" 288
"../../../../../../Users/l014952i/Documents/GitHub/DevilishDiner/DevilishDiner-master/Content/JayCollab/FX/NS_CharacterSpawningFX_System.uasset" 289
"../../../../../../Users/l014952i/Documents/GitHub/DevilishDiner/DevilishDiner-master/Content/JayCollab/Geometry/Meshes/TemplateFloor.uasset" 290
"../../../../../../Users/l014952i/Documents/GitHub/DevilishDiner/DevilishDiner-master/Content/JayCollab/Mannequin/Character/Mesh/UE4_Mannequin_Skeleton.uasset" 291
"../../../../../../Users/l014952i/Documents/GitHub/DevilishDiner/DevilishDiner-master/Content/JayCollab/Mannequin/Animations/ThirdPersonJump_End.uasset" 292
"../../../../../../Users/l014952i/Documents/GitHub/DevilishDiner/DevilishDiner-master/Content/JayCollab/Mannequin/Animations/ThirdPersonWalk.uasset" 293
"../../../../../../Users/l014952i/Documents/GitHub/DevilishDiner/DevilishDiner-master/Content/JayCollab/Mannequin/Animations/ThirdPersonRun.uasset" 294
"../../../../../../Users/l014952i/Documents/GitHub/DevilishDiner/DevilishDiner-master/Content/JayCollab/Mannequin/Animations/ThirdPersonIdle.uasset" 295
"../../../../../../Users/l014952i/Documents/GitHub/DevilishDiner/DevilishDiner-master/Content/JayCollab/Mannequin/Animations/ThirdPerson_IdleRun_2D.uasset" 296
"../../../../../../Users/l014952i/Documents/GitHub/DevilishDiner/DevilishDiner-master/Content/JayCollab/Mannequin/Animations/ThirdPerson_Jump.uasset" 297
"../../../../../../Users/l014952i/Documents/GitHub/DevilishDiner/DevilishDiner-master/Content/JayCollab/Mannequin/Animations/ThirdPersonJump_Start.uasset" 298
"../../../../../../Users/l014952i/Documents/GitHub/DevilishDiner/DevilishDiner-master/Content/JayCollab/Mannequin/Animations/ThirdPersonJump_Loop.uasset" 299
"../../../../../../Users/l014952i/Documents/GitHub/DevilishDiner/DevilishDiner-master/Content/JayCollab/Mannequin/Animations/ThirdPerson_AnimBP.uasset" 300
"../../../../../../Users/l014952i/Documents/GitHub/DevilishDiner/DevilishDiner-master/Content/JayCollab/Mannequin/Character/Mesh/SK_Mannequin_PhysicsAsset.uasset" 301
"../../../../../../Users/l014952i/Documents/GitHub/DevilishDiner/DevilishDiner-master/Content/JayCollab/Mannequin/Character/Textures/T_UE4Logo_N.uasset" 302
"../../../../../../Users/l014952i/Documents/GitHub/DevilishDiner/DevilishDiner-master/Content/JayCollab/Mannequin/Character/Materials/M_Male_Body.uasset" 303
"../../../../../../Users/l014952i/Documents/GitHub/DevilishDiner/DevilishDiner-master/Content/JayCollab/Mannequin/Character/Materials/M_UE4Man_ChestLogo.uasset" 304
"../../../../../../Users/l014952i/Documents/GitHub/DevilishDiner/DevilishDiner-master/Content/JayCollab/Mannequin/Character/Mesh/SK_Mannequin.uasset" 305
"../../../../../../Users/l014952i/Documents/GitHub/DevilishDiner/DevilishDiner-master/Content/JayCollab/Mannequin/Character/Mesh/SK_Mannequin_Female_PhysicsAsset.uasset" 306
"../../../../../../Users/l014952i/Documents/GitHub/DevilishDiner/DevilishDiner-master/Content/JayCollab/Mannequin/Character/Textures/T_Female_N.uasset" 307
"../../../../../../Users/l014952i/Documents/GitHub/DevilishDiner/DevilishDiner-master/Content/JayCollab/Mannequin/Character/Textures/T_Female_Mask.uasset" 308
"../../../../../../Users/l014952i/Documents/GitHub/DevilishDiner/DevilishDiner-master/Content/JayCollab/Mannequin/Character/Materials/MI_Female_Body.uasset" 309
"../../../../../../Users/l014952i/Documents/GitHub/DevilishDiner/DevilishDiner-master/Content/JayCollab/Mannequin/Character/Mesh/SK_Mannequin_Female.uasset" 310
"../../../../../../Users/l014952i/Documents/GitHub/DevilishDiner/DevilishDiner-master/Content/JayCollab/Materials/M_Male_BodyGreen.uasset" 311
"../../../../../../Users/l014952i/Documents/GitHub/DevilishDiner/DevilishDiner-master/Content/JayCollab/Materials/M_Male_BodyYellow.uasset" 312
"../../../../../../Users/l014952i/Documents/GitHub/DevilishDiner/DevilishDiner-master/Content/KimCollab/KimFirstActor.uasset" 313
"../../../../../../Users/l014952i/Documents/GitHub/DevilishDiner/DevilishDiner-master/Content/KimCollab/Assets/WallsandFloor/wall_and_floor_panels_texture.uasset" 314
"../../../../../../Users/l014952i/Documents/GitHub/DevilishDiner/DevilishDiner-master/Content/KimCollab/Assets/WallsandFloor/Material__7.uasset" 315
"../../../../../../Users/l014952i/Documents/GitHub/DevilishDiner/DevilishDiner-master/Content/KimCollab/Assets/WallsandFloor/02_-_Default.uasset" 316
"../../../../../../Users/l014952i/Documents/GitHub/DevilishDiner/DevilishDiner-master/Content/KimCollab/Assets/WallsandFloor/diner_set_one_demo.uasset" 317
"../../../../../../Users/l014952i/Documents/GitHub/DevilishDiner/DevilishDiner-master/Content/KimCollab/Assets/WallsandFloor/RoomAssets/Material__7.uasset" 318
"../../../../../../Users/l014952i/Documents/GitHub/DevilishDiner/DevilishDiner-master/Content/KlaudsCollab/KlaudsFirstPush.uasset" 319
"../../../../../../Users/l014952i/Documents/GitHub/DevilishDiner/DevilishDiner-master/Content/MathieuLecerfCollab/BPAnything.uasset" 320
"../../../../../../Users/l014952i/Documents/GitHub/DevilishDiner/DevilishDiner-master/Content/MathieuLecerfCollab/AnimationFolder/AnimationFolder/BaseAnimation.uasset" 321
"../../../../../../Users/l014952i/Documents/GitHub/DevilishDiner/DevilishDiner-master/Content/MathieuLecerfCollab/AnimationFolder/AnimationFolder/E_AnimationStates.uasset" 322
"../../../../../../Users/l014952i/Documents/GitHub/DevilishDiner/DevilishDiner-master/Content/MathieuLecerfCollab/AnimationFolder/AnimationFolder/IdleToWalk.uasset" 323
"../../../../../../Users/l014952i/Documents/GitHub/DevilishDiner/DevilishDiner-master/Content/MathieuLecerfCollab/AnimationFolder/AnimationFolder/BPA_DancyBoi.uasset" 324
"../../../Engine/Content/Animation/DefaultRecorderBoneCompression.uasset" 325
"../../../../../../Users/l014952i/Documents/GitHub/DevilishDiner/DevilishDiner-master/Content/MathieuLecerfCollab/AnimationFolder/AnimationFolder/DepositPlate.uasset" 326
"../../../../../../Users/l014952i/Documents/GitHub/DevilishDiner/DevilishDiner-master/Content/MathieuLecerfCollab/AnimationFolder/AnimationFolder/PickuptPlate.uasset" 327
"../../../../../../Users/l014952i/Documents/GitHub/DevilishDiner/DevilishDiner-master/Content/MathieuLecerfCollab/AnimationFolder/AnimationFolder/AM_PickupHoldDepositPlate.uasset" 328
"../../../../../../Users/l014952i/Documents/GitHub/DevilishDiner/DevilishDiner-master/Content/MathieuLecerfCollab/AnimationFolder/AnimationFolder/BPC_Animation.uasset" 329
"../../../../../../Users/l014952i/Documents/GitHub/DevilishDiner/DevilishDiner-master/Content/MathieuLecerfCollab/AnimationFolder/AnimationFolder/CleaningMopBroom.uasset" 330
"../../../../../../Users/l014952i/Documents/GitHub/DevilishDiner/DevilishDiner-master/Content/MathieuLecerfCollab/AnimationFolder/AnimationFolder/Eating.uasset" 331
"../../../../../../Users/l014952i/Documents/GitHub/DevilishDiner/DevilishDiner-master/Content/MathieuLecerfCollab/AnimationFolder/AnimationFolder/Sitting.uasset" 332
"../../../../../../Users/l014952i/Documents/GitHub/DevilishDiner/DevilishDiner-master/Content/MoCollab/MoFirstPush.uasset" 333
"../../../../../../Users/l014952i/Documents/GitHub/DevilishDiner/DevilishDiner-master/Content/NathanCollab/actortestpush.uasset" 334
"../../../../../../Users/l014952i/Documents/GitHub/DevilishDiner/DevilishDiner-master/Content/NewActors/M_NewMat.uasset" 335
"../../../../../../Users/l014952i/Documents/GitHub/DevilishDiner/DevilishDiner-master/Content/NewActors/M_NewPushJay.uasset" 336
"../../../../../../Users/l014952i/Documents/GitHub/DevilishDiner/DevilishDiner-master/Content/Splash/EdSplash.uasset" 337
"../../../../../../Users/l014952i/Documents/GitHub/DevilishDiner/DevilishDiner-master/Content/Splash/Splash.uasset" 338
"../../../Engine/Content/ArtTools/RenderToTexture/Meshes/S_1_Unit_Plane.uasset" 339
"../../../Engine/Content/BasicShapes/Cone.uasset" 340
"../../../Engine/Content/BasicShapes/Plane.uasset" 341
"../../../Engine/Content/BasicShapes/Sphere.uasset" 342
"../../../Engine/Content/EditorLandscapeResources/DataLayer.uasset" 343
"../../../Engine/Content/EditorLandscapeResources/DefaultAlphaTexture.uasset" 344
"../../../Engine/Content/EditorMaterials/MAT_Groups_Toggle.uasset" 345
"../../../Engine/Content/EditorMaterials/MAT_Groups_Visibility.uasset" 346
"../../../Engine/Content/EditorMaterials/PreviewShadowIndicator.uasset" 347
"../../../Engine/Content/EditorMaterials/PreviewShadowIndicatorMaterial.uasset" 348
"../../../Engine/Content/EditorMaterials/MatineeGroups/MAT_ColorTrack.uasset" 349
"../../../Engine/Content/EditorMaterials/MatineeGroups/MAT_Groups_Anim.uasset" 350
"../../../Engine/Content/EditorMaterials/MatineeGroups/MAT_Groups_AudioMaster.uasset" 351
"../../../Engine/Content/EditorMaterials/MatineeGroups/MAT_Groups_Director.uasset" 352
"../../../Engine/Content/EditorMaterials/MatineeGroups/MAT_Groups_Event.uasset" 353
"../../../Engine/Content/EditorMaterials/MatineeGroups/MAT_Groups_Fade.uasset" 354
"../../../Engine/Content/EditorMaterials/MatineeGroups/MAT_Groups_Float.uasset" 355
"../../../Engine/Content/EditorMaterials/MatineeGroups/MAT_Groups_Move.uasset" 356
"../../../Engine/Content/EditorMaterials/MatineeGroups/MAT_Groups_Slomo.uasset" 357
"../../../Engine/Content/EditorMaterials/MatineeGroups/MAT_Groups_Sound.uasset" 358
"../../../Engine/Content/EditorMaterials/MatineeGroups/MAT_Groups_Vector.uasset" 359
"../../../Engine/Content/EditorMaterials/ParticleSystems/PSysThumbnail_NoImage.uasset" 360
"../../../Engine/Content/EditorMaterials/ParticleSystems/PSysThumbnail_OOD.uasset" 361
"../../../Engine/Content/EditorMaterials/Camera/CineMat.uasset" 362
"../../../Engine/Content/EditorMaterials/Camera/MI_CineMat_Rig.uasset" 363
"../../../Engine/Content/EditorMeshes/Camera/SM_CraneRig_Arm.uasset" 364
"../../../Engine/Content/EditorMeshes/Camera/SM_CraneRig_Base.uasset" 365
"../../../Engine/Content/EditorMeshes/Camera/SM_CraneRig_Body.uasset" 366
"../../../Engine/Content/EditorMeshes/Camera/SM_CraneRig_Mount.uasset" 367
"../../../Engine/Content/EditorMeshes/Camera/SM_RailRig_Mount.uasset" 368
"../../../Engine/Content/EditorMeshes/Camera/SM_RailRig_Track.uasset" 369
"../../../Engine/Content/EditorResources/BSPVertex.uasset" 370
"../../../Engine/Content/EditorResources/EmptyActor.uasset" 371
"../../../Engine/Content/EditorResources/S_Actor.uasset" 372
"../../../Engine/Content/EditorResources/S_Note.uasset" 373
"../../../Engine/Content/EditorResources/S_Solver.uasset" 374
"../../../Engine/Content/EditorResources/S_Terrain.uasset" 375
"../../../Engine/Content/EditorResources/S_Trigger.uasset" 376
"../../../Engine/Content/EditorResources/LightIcons/S_LightError.uasset" 377
"../../../Engine/Content/EditorResources/SequenceRecorder/Countdown.uasset" 378
"../../../Engine/Content/EditorResources/SequenceRecorder/RecordingIndicator.uasset" 379
"../../../Engine/Content/EngineDamageTypes/DmgTypeBP_Environmental.uasset" 380
"../../../Engine/Content/EngineDebugMaterials/DebugEditorMaterial.uasset" 381
"../../../Engine/Content/EngineDebugMaterials/DebugMeshMaterial.uasset" 382
"../../../Engine/Content/EngineDebugMaterials/M_SimpleUnlitTranslucent.uasset" 383
"../../../Engine/Content/EngineDebugMaterials/VolumeToRender.uasset" 384
"../../../Engine/Content/Functions/Engine_MaterialFunctions02/Utility/CameraDirectionVector.uasset" 385
"../../../Engine/Content/EngineDebugMaterials/M_VolumeRenderSphereTracePP.uasset" 386
"../../../Engine/Content/Functions/Engine_MaterialFunctions01/Shading/ConvertFromDiffSpec.uasset" 387
"../../../Engine/Content/EngineDebugMaterials/VertexColorMaterial.uasset" 388
"../../../Engine/Content/EngineDebugMaterials/WireframeMaterial.uasset" 389
"../../../Engine/Content/EngineFonts/Faces/RobotoRegular.uasset" 390
"../../../Engine/Content/EngineFonts/Faces/RobotoLight.uasset" 391
"../../../Engine/Content/EngineFonts/Faces/RobotoItalic.uasset" 392
"../../../Engine/Content/EngineFonts/Faces/RobotoBoldItalic.uasset" 393
"../../../Engine/Content/EngineFonts/Faces/RobotoBold.uasset" 394
"../../../Engine/Content/EngineFonts/Faces/DroidSansFallback.uasset" 395
"../../../Engine/Content/EngineFonts/Roboto.uasset" 396
"../../../Engine/Content/EngineMaterials/BaseFlattenNormalMap.uasset" 397
"../../../Engine/Content/EngineMaterials/BaseFlattenGrayscaleMap.uasset" 398
"../../../Engine/Content/EngineMaterials/BaseFlattenEmissiveMap.uasset" 399
"../../../Engine/Content/EngineMaterials/BaseFlattenDiffuseMap.uasset" 400
"../../../Engine/Content/EngineMaterials/BaseFlattenMaterial.uasset" 401
"../../../Engine/Content/EngineMaterials/BlueNoise.uasset" 402
"../../../Engine/Content/EngineMaterials/DefaultBloomKernel.uasset" 403
"../../../Engine/Content/EngineMaterials/DefaultBokeh.uasset" 404
"../../../Engine/Content/EngineMaterials/DefaultDeferredDecalMaterial.uasset" 405
"../../../Engine/Content/EngineMaterials/DefaultLightFunctionMaterial.uasset" 406
"../../../Engine/Content/EngineMaterials/DefaultPhysicalMaterial.uasset" 407
"../../../Engine/Content/EngineMaterials/DefaultPostProcessMaterial.uasset" 408
"../../../Engine/Content/EngineFonts/RobotoDistanceField.uasset" 409
"../../../Engine/Content/EngineMaterials/DefaultTextMaterialOpaque.uasset" 410
"../../../Engine/Content/EngineMaterials/DefaultWhiteGrid.uasset" 411
"../../../Engine/Content/EngineMaterials/DefaultWhiteGrid_Low.uasset" 412
"../../../Engine/Content/EngineMaterials/EmissiveMeshMaterial.uasset" 413
"../../../Engine/Content/EngineMaterials/GizmoMaterial.uasset" 414
"../../../Engine/Content/EngineMaterials/Good64x64TilingNoiseHighFreq.uasset" 415
"../../../Engine/Content/EngineMaterials/MiniFont.uasset" 416
"../../../Engine/Content/EngineMaterials/InvalidLightmapSettings.uasset" 417
"../../../Engine/Content/EngineMaterials/M_InvalidLightmapSettings.uasset" 418
"../../../Engine/Content/Functions/Engine_MaterialFunctions02/WorldPositionOffset/CameraOffset.uasset" 419
"../../../Engine/Content/EngineMaterials/PhAT_JointLimitMaterial.uasset" 420
"../../../Engine/Content/EngineMaterials/PreintegratedSkinBRDF.uasset" 421
"../../../Engine/Content/EngineMaterials/RemoveSurfaceMaterial.uasset" 422
"../../../Engine/Content/EngineMaterials/WeightMapPlaceholderTexture.uasset" 423
"../../../Engine/Content/EngineResources/WhiteSquareTexture.uasset" 424
"../../../Engine/Content/EngineMaterials/Widget3DPassThrough.uasset" 425
"../../../Engine/Content/EngineMaterials/Widget3DPassThrough_Masked.uasset" 426
"../../../Engine/Content/EngineMaterials/Widget3DPassThrough_Opaque.uasset" 427
"../../../Engine/Content/EngineMaterials/Widget3DPassThrough_Masked_OneSided.uasset" 428
"../../../Engine/Content/EngineMaterials/Widget3DPassThrough_Opaque_OneSided.uasset" 429
"../../../Engine/Content/EngineMaterials/Widget3DPassThrough_Translucent.uasset" 430
"../../../Engine/Content/EngineMaterials/Widget3DPassThrough_Translucent_OneSided.uasset" 431
"../../../Engine/Content/EngineMeshes/Cylinder.uasset" 432
"../../../Engine/Content/EngineMeshes/Sphere.uasset" 433
"../../../Engine/Content/EngineResources/Black.uasset" 434
"../../../Engine/Content/EngineResources/DefaultTextureCube.uasset" 435
"../../../Engine/Content/EngineResources/DefaultVolumeTexture2D.uasset" 436
"../../../Engine/Content/EngineResources/DefaultVolumeTexture.uasset" 437
"../../../Engine/Content/EngineResources/GradientTexture0.uasset" 438
"../../../Engine/Content/EngineSky/VolumetricClouds/T_NoiseShape64.uasset" 439
"../../../Engine/Content/EngineSky/VolumetricClouds/T_VolumeNoiseShape64.uasset" 440
"../../../Engine/Content/EngineSky/VolumetricClouds/T_NoiseErosion.uasset" 441
"../../../Engine/Content/EngineSky/VolumetricClouds/T_VolumeNoiseErosion32.uasset" 442
"../../../Engine/Content/EngineSky/VolumetricClouds/CloudWeatherTexture.uasset" 443
"../../../Engine/Content/EngineSky/VolumetricClouds/CloudGradientTexture.uasset" 444
"../../../Engine/Content/Functions/Engine_MaterialFunctions02/Utility/MakeFloat2.uasset" 445
"../../../Engine/Content/EngineSky/VolumetricClouds/m_SimpleVolumetricCloud.uasset" 446
"../../../Engine/Content/EngineSky/VolumetricClouds/m_SimpleVolumetricCloud_Inst.uasset" 447
"../../../Engine/Content/EngineSounds/Master.uasset" 448
"../../../Engine/Content/Functions/Engine_MaterialFunctions01/Shading/PowerToRoughness.uasset" 449
"../../../Engine/Content/Maps/Templates/Thumbnails/Default.uasset" 450
"../../../Engine/Content/Maps/Templates/Thumbnails/TimeOfDay.uasset" 451
"../../../Engine/Content/Maps/Templates/Thumbnails/VR-Basic.uasset" 452
"../../../Engine/Content/MobileResources/T_MobileControls_texture.uasset" 453
"../../../Engine/Content/MobileResources/T_MobileMenu2.uasset" 454
"../../../Engine/Content/MobileResources/HUD/AnalogHat.uasset" 455
"../../../Engine/Content/MobileResources/HUD/VirtualJoystick_Thumb.uasset" 456
"../../../Engine/Content/MobileResources/HUD/VirtualJoystick_Background.uasset" 457
"../../../Engine/Content/MobileResources/HUD/DefaultVirtualJoysticks.uasset" 458
"../../../Engine/Content/MobileResources/HUD/LeftVirtualJoystickOnly.uasset" 459
"../../../Engine/Content/MobileResources/HUD/MobileHUDButton1_off.uasset" 460
"../../../Engine/Content/MobileResources/HUD/MobileHUDButton1_on.uasset" 461
"../../../Engine/Content/MobileResources/HUD/MobileHUDButton2_off.uasset" 462
"../../../Engine/Content/MobileResources/HUD/MobileHUDButton2_on.uasset" 463
"../../../Engine/Content/MobileResources/HUD/MobileHUDButton3.uasset" 464
"../../../Engine/Content/MobileResources/HUD/MobileHUDButtonFire.uasset" 465
"../../../Engine/Content/MobileResources/HUD/MobileHUDDirectionPad.uasset" 466
"../../../Engine/Content/MobileResources/HUD/MobileHUDDirectionPad2.uasset" 467
"../../../Engine/Content/MobileResources/HUD/MobileHUDDirectionPad3.uasset" 468
"../../../Engine/Content/MobileResources/HUD/MobileHUDDirectionStick.uasset" 469
"../../../Engine/Content/MobileResources/HUD/T_Castle_ThumbstickInner.uasset" 470
"../../../Engine/Content/MobileResources/HUD/T_Castle_ThumbstickOutter.uasset" 471
"../../../Engine/Content/Tutorial/ContentIntroCurve.uasset" 472
"../../../Engine/Content/Tutorial/Basics/LevelEditorAttract.uasset" 473
"../../../Engine/Content/VREditor/TransformGizmo/TranslucentTransformGizmoMaterial.uasset" 474
"../../../Engine/Content/VREditor/LaserPointer/VR_LaserPower_01.uasset" 475
"../../../Engine/Content/VREditor/TransformGizmo/TransformGizmoMaterial.uasset" 476
"../../../Engine/Content/VREditor/TransformGizmo/BoundingBoxCorner.uasset" 477
"../../../Engine/Content/VREditor/TransformGizmo/BoundingBoxEdge.uasset" 478
"../../../Engine/Content/VREditor/TransformGizmo/PlaneTranslationHandle.uasset" 479
"../../../Engine/Content/VREditor/TransformGizmo/Xray.uasset" 480
"../../../Engine/Content/VREditor/TransformGizmo/Main.uasset" 481
"../../../Engine/Content/VREditor/TransformGizmo/SM_Sequencer_Key.uasset" 482
"../../../Engine/Content/VREditor/TransformGizmo/SM_Sequencer_Node.uasset" 483
"../../Plugins/2D/Paper2D/Content/DummySprite.uasset" 484
"../../Plugins/2D/Paper2D/Content/DefaultPaperTerrainMaterial.uasset" 485
"../../Plugins/2D/Paper2D/Content/MaskedUnlitSpriteMaterial.uasset" 486
"../../Plugins/2D/Paper2D/Content/OpaqueUnlitSpriteMaterial.uasset" 487
"../../../Engine/Content/Functions/Engine_MaterialFunctions02/Utility/BreakOutFloat3Components.uasset" 488
"../../Plugins/Editor/SpeedTreeImporter/Content/SpeedTree9/UnpackInteger3.uasset" 489
"../../Plugins/Editor/SpeedTreeImporter/Content/SpeedTree9/UnpackDirection.uasset" 490
"../../Plugins/Editor/SpeedTreeImporter/Content/SpeedTree9/game_wind_noise.uasset" 491
"../../../Engine/Content/Functions/Engine_MaterialFunctions02/SafeNormalize.uasset" 492
"../../Plugins/Editor/SpeedTreeImporter/Content/SpeedTree9/SpeedTreeWindMotion.uasset" 493
"../../Plugins/Editor/SpeedTreeImporter/Content/SpeedTree9/SpeedTreeBranchMotion.uasset" 494
"../../../Engine/Content/Functions/Engine_MaterialFunctions02/ObjectLocalBounds.uasset" 495
"../../../Engine/Content/Functions/Engine_MaterialFunctions02/UVs/BoundingBoxBased_0-1_UVW.uasset" 496
"../../Plugins/Editor/SpeedTreeImporter/Content/SpeedTree9/SpeedTreeWind.uasset" 497
"../../Plugins/Editor/SpeedTreeImporter/Content/SpeedTree9/SpeedTreeBillboard.uasset" 498
"../../../Engine/Content/EngineResources/DefaultTexture.uasset" 499
"../../Plugins/Editor/SpeedTreeImporter/Content/SpeedTree9/SpeedTreeBillboardMaster.uasset" 500
"../../Plugins/Editor/SpeedTreeImporter/Content/SpeedTree9/SpeedTreeCameraFacing.uasset" 501
"../../Plugins/Editor/SpeedTreeImporter/Content/SpeedTree9/SpeedTreeMaster.uasset" 502
"../../../Engine/Content/ArtTools/RenderToTexture/Materials/Debug/M_Emissive_Color.uasset" 503
"../../Plugins/Lumin/MagicLeapPassableWorld/Content/MagicLeapARPinInfoActor.uasset" 504
"../../../Engine/Content/Functions/Engine_MaterialFunctions02/Utility/BreakOutFloat4Components.uasset" 505
"../../../Engine/Content/Functions/Engine_MaterialFunctions02/Utility/MakeFloat3.uasset" 506
"../../Plugins/Runtime/Oculus/OculusVR/Content/Materials/OculusMR_ChromaKey.uasset" 507
"../../Plugins/Runtime/Oculus/OculusVR/Content/Materials/OculusMR_OpaqueColoredMaterial.uasset" 508
"../../Plugins/Runtime/Oculus/OculusVR/Content/Materials/PokeAHoleMaterial.uasset" 509
"../../../../../../Users/l014952i/Documents/GitHub/DevilishDiner/DevilishDiner-master/Content/AlexCollab/MainMenuGM.uasset" 510
"../../../../../../Users/l014952i/Documents/GitHub/DevilishDiner/DevilishDiner-master/Content/AlexCollab/FlipBooks/arrowhovclick.uasset" 511
"../../../../../../Users/l014952i/Documents/GitHub/DevilishDiner/DevilishDiner-master/Content/AlexCollab/FlipBooks/Arrow.uasset" 512
"../../../../../../Users/l014952i/Documents/GitHub/DevilishDiner/DevilishDiner-master/Content/AlexCollab/PlayMenu.uasset" 513
"../../../../../../Users/l014952i/Documents/GitHub/DevilishDiner/DevilishDiner-master/Content/AlexCollab/MenuOptions.uasset" 514
"../../../../../../Users/l014952i/Documents/GitHub/DevilishDiner/DevilishDiner-master/Content/AlexCollab/MainMenuButton.uasset" 515
"../../../../../../Users/l014952i/Documents/GitHub/DevilishDiner/DevilishDiner-master/Content/AlexCollab/FlipBooks/RightBumper.uasset" 516
"../../../../../../Users/l014952i/Documents/GitHub/DevilishDiner/DevilishDiner-master/Content/AlexCollab/FlipBooks/LeftBumper.uasset" 517
"../../../../../../Users/l014952i/Documents/GitHub/DevilishDiner/DevilishDiner-master/Content/AlexCollab/FlipBooks/AButton.uasset" 518
"../../../../../../Users/l014952i/Documents/GitHub/DevilishDiner/DevilishDiner-master/Content/AlexCollab/MainMenuButtons.uasset" 519
"../../../../../../Users/l014952i/Documents/GitHub/DevilishDiner/DevilishDiner-master/Content/AlexCollab/FlipBooks/mmbox.uasset" 520
"../../../../../../Users/l014952i/Documents/GitHub/DevilishDiner/DevilishDiner-master/Content/AlexCollab/FlipBooks/mmbg.uasset" 521
"../../../../../../Users/l014952i/Documents/GitHub/DevilishDiner/DevilishDiner-master/Content/AlexCollab/FlipBooks/LogoMM.uasset" 522
"../../../../../../Users/l014952i/Documents/GitHub/DevilishDiner/DevilishDiner-master/Content/AlexCollab/MainMenu.uasset" 523
"../../../../../../Users/l014952i/Documents/GitHub/DevilishDiner/DevilishDiner-master/Content/AlexCollab/MainMenuLevel.umap" 524
"../../../../../../Users/l014952i/Documents/GitHub/DevilishDiner/DevilishDiner-master/Content/NathanCollab/Scale_Materials/Table_Texture.uasset" 525
"../../../../../../Users/l014952i/Documents/GitHub/DevilishDiner/DevilishDiner-master/Content/NathanCollab/Scale_Materials/Table_Mat_Scale.uasset" 526
"../../../../../../Users/l014952i/Documents/GitHub/DevilishDiner/DevilishDiner-master/Content/KimCollab/Assets/tableV4.uasset" 527
"../../../../../../Users/l014952i/Documents/GitHub/DevilishDiner/DevilishDiner-master/Content/KimCollab/Assets/tableV1.uasset" 528
"../../../../../../Users/l014952i/Documents/GitHub/DevilishDiner/DevilishDiner-master/Content/KimCollab/Assets/Stool_V2.uasset" 529
"../../../../../../Users/l014952i/Documents/GitHub/DevilishDiner/DevilishDiner-master/Content/KimCollab/Assets/Stool_V1.uasset" 530
"../../../../../../Users/l014952i/Documents/GitHub/DevilishDiner/DevilishDiner-master/Content/KimCollab/Assets/chairV2.uasset" 531
"../../../../../../Users/l014952i/Documents/GitHub/DevilishDiner/DevilishDiner-master/Content/JayCollab/Geometry/Meshes/1M_Cube_Chamfer.uasset" 532
"../../../Engine/Content/EngineSky/T_Sky_Stars.uasset" 533
"../../../Engine/Content/EngineSky/T_Sky_Clouds_M.uasset" 534
"../../../Engine/Content/EngineSky/T_Sky_Blue.uasset" 535
"../../../Engine/Content/EngineSky/M_Sky_Panning_Clouds2.uasset" 536
"../../../Engine/Content/EngineSky/SM_SkySphere.uasset" 537
"../../../Engine/Content/EngineSky/C_Sky_Zenith_Color.uasset" 538
"../../../Engine/Content/EngineSky/C_Sky_Horizon_Color.uasset" 539
"../../../Engine/Content/EngineSky/C_Sky_Cloud_Color.uasset" 540
"../../../Engine/Content/EngineSky/BP_Sky_Sphere.uasset" 541
"../../../../../../Users/l014952i/Documents/GitHub/DevilishDiner/DevilishDiner-master/Content/AlexCollab/PickupSystem/LM_DevelopmentA.umap" 542
"../../../../../../Users/l014952i/Documents/GitHub/DevilishDiner/DevilishDiner-master/Content/MoCollab/Assets/bottle__devilish_diner.uasset" 543
"../../../../../../Users/l014952i/Documents/GitHub/DevilishDiner/DevilishDiner-master/Content/KimCollab/Assets/WallsandFloor/RoomAssets/wall_and_floor_panels_texture.uasset" 544
"../../../../../../Users/l014952i/Documents/GitHub/DevilishDiner/DevilishDiner-master/Content/KimCollab/Assets/WallsandFloor/RoomAssets/ColourTexture.uasset" 545
"../../../../../../Users/l014952i/Documents/GitHub/DevilishDiner/DevilishDiner-master/Content/KimCollab/Assets/WallsandFloor/RoomAssets/Windows_Corner.uasset" 546
"../../../../../../Users/l014952i/Documents/GitHub/DevilishDiner/DevilishDiner-master/Content/KimCollab/Assets/WallsandFloor/RoomAssets/Window_Wall_With_Floor.uasset" 547
"../../../../../../Users/l014952i/Documents/GitHub/DevilishDiner/DevilishDiner-master/Content/KimCollab/Assets/WallsandFloor/RoomAssets/Window_Wall_with_Door_Corner__LEFT_.uasset" 548
"../../../../../../Users/l014952i/Documents/GitHub/DevilishDiner/DevilishDiner-master/Content/KimCollab/Assets/WallsandFloor/RoomAssets/Window_Wall_with_Door_Corner.uasset" 549
"../../../../../../Users/l014952i/Documents/GitHub/DevilishDiner/DevilishDiner-master/Content/KimCollab/Assets/WallsandFloor/RoomAssets/Window_Wall.uasset" 550
"../../../../../../Users/l014952i/Documents/GitHub/DevilishDiner/DevilishDiner-master/Content/KimCollab/Assets/WallsandFloor/RoomAssets/Plain_Wall_With_Floor.uasset" 551
"../../../../../../Users/l014952i/Documents/GitHub/DevilishDiner/DevilishDiner-master/Content/KimCollab/Assets/WallsandFloor/RoomAssets/Plain_Wall_with_Door_Corner__LEFT_.uasset" 552
"../../../../../../Users/l014952i/Documents/GitHub/DevilishDiner/DevilishDiner-master/Content/KimCollab/Assets/WallsandFloor/RoomAssets/Plain_Wall_with_Door_Corner.uasset" 553
"../../../../../../Users/l014952i/Documents/GitHub/DevilishDiner/DevilishDiner-master/Content/KimCollab/Assets/WallsandFloor/RoomAssets/Plain_Wall_Corner.uasset" 554
"../../../../../../Users/l014952i/Documents/GitHub/DevilishDiner/DevilishDiner-master/Content/KimCollab/Assets/WallsandFloor/RoomAssets/Plain_Wall.uasset" 555
"../../../../../../Users/l014952i/Documents/GitHub/DevilishDiner/DevilishDiner-master/Content/KimCollab/Assets/WallsandFloor/RoomAssets/Plain_Floor_With_Edge.uasset" 556
"../../../../../../Users/l014952i/Documents/GitHub/DevilishDiner/DevilishDiner-master/Content/KimCollab/Assets/WallsandFloor/RoomAssets/Plain_Floor_With_Corner_Edge.uasset" 557
"../../../../../../Users/l014952i/Documents/GitHub/DevilishDiner/DevilishDiner-master/Content/KimCollab/Assets/WallsandFloor/RoomAssets/Plain_Floor.uasset" 558
"../../../../../../Users/l014952i/Documents/GitHub/DevilishDiner/DevilishDiner-master/Content/KimCollab/Assets/WallsandFloor/RoomAssets/long_trim.uasset" 559
"../../../../../../Users/l014952i/Documents/GitHub/DevilishDiner/DevilishDiner-master/Content/KimCollab/Assets/WallsandFloor/RoomAssets/Kitchen_Window_Wall.uasset" 560
"../../../../../../Users/l014952i/Documents/GitHub/DevilishDiner/DevilishDiner-master/Content/KimCollab/Assets/WallsandFloor/RoomAssets/inner_corner_floor.uasset" 561
"../../../../../../Users/l014952i/Documents/GitHub/DevilishDiner/DevilishDiner-master/Content/KimCollab/Assets/WallsandFloor/RoomAssets/Door_Wall_With_Floor.uasset" 562
"../../../../../../Users/l014952i/Documents/GitHub/DevilishDiner/DevilishDiner-master/Content/KimCollab/Assets/WallsandFloor/RoomAssets/Door_Wall.uasset" 563
"../../../../../../Users/l014952i/Documents/GitHub/DevilishDiner/DevilishDiner-master/Content/KimCollab/Assets/WallsandFloor/RoomAssets/corner_trim.uasset" 564
"../../../../../../Users/l014952i/Documents/GitHub/DevilishDiner/DevilishDiner-master/Content/KimCollab/Assets/tableV3.uasset" 565
"../../../../../../Users/l014952i/Documents/GitHub/DevilishDiner/DevilishDiner-master/Content/KimCollab/Assets/tableV2.uasset" 566
"../../../../../../Users/l014952i/Documents/GitHub/DevilishDiner/DevilishDiner-master/Content/KimCollab/Assets/skullwineglass_DefaultMaterial_OcclusionRoughnessMetallic.uasset" 567
"../../../../../../Users/l014952i/Documents/GitHub/DevilishDiner/DevilishDiner-master/Content/KimCollab/Assets/skullwineglass_DefaultMaterial_Normal.uasset" 568
"../../../../../../Users/l014952i/Documents/GitHub/DevilishDiner/DevilishDiner-master/Content/KimCollab/Assets/skullwineglass_DefaultMaterial_BaseColor.uasset" 569
"../../../../../../Users/l014952i/Documents/GitHub/DevilishDiner/DevilishDiner-master/Content/KimCollab/Assets/wineglassmaterial.uasset" 570
"../../../../../../Users/l014952i/Documents/GitHub/DevilishDiner/DevilishDiner-master/Content/KimCollab/Assets/skullwineglass.uasset" 571
"../../../../../../Users/l014952i/Documents/GitHub/DevilishDiner/DevilishDiner-master/Content/ElijahCollab/Textures/curtains_roughness.uasset" 572
"../../../../../../Users/l014952i/Documents/GitHub/DevilishDiner/DevilishDiner-master/Content/ElijahCollab/Textures/curtains_normal.uasset" 573
"../../../../../../Users/l014952i/Documents/GitHub/DevilishDiner/DevilishDiner-master/Content/ElijahCollab/Textures/curtains_BaseColor.uasset" 574
"../../../../../../Users/l014952i/Documents/GitHub/DevilishDiner/DevilishDiner-master/Content/ElijahCollab/Materials/Curtain_Mat.uasset" 575
"../../../../../../Users/l014952i/Documents/GitHub/DevilishDiner/DevilishDiner-master/Content/ElijahCollab/Meshes/Wall_Window_Mesh.uasset" 576
"../../../../../../Users/l014952i/Documents/GitHub/DevilishDiner/DevilishDiner-master/Content/ElijahCollab/Meshes/Wall_Section_Mesh.uasset" 577
"../../../../../../Users/l014952i/Documents/GitHub/DevilishDiner/DevilishDiner-master/Content/ElijahCollab/Meshes/Wall_Corner_Mesh.uasset" 578
"../../../../../../Users/l014952i/Documents/GitHub/DevilishDiner/DevilishDiner-master/Content/ElijahCollab/Meshes/Pillar_Mesh.uasset" 579
"../../../../../../Users/l014952i/Documents/GitHub/DevilishDiner/DevilishDiner-master/Content/ArtShowcaseMap/PrototypeAssets/OneDrive_1_11-02-2021/Material__33.uasset" 580
"../../../../../../Users/l014952i/Documents/GitHub/DevilishDiner/DevilishDiner-master/Content/ArtShowcaseMap/PrototypeAssets/OneDrive_1_11-02-2021/Water_Jug.uasset" 581
"../../../../../../Users/l014952i/Documents/GitHub/DevilishDiner/DevilishDiner-master/Content/ArtShowcaseMap/PrototypeAssets/OneDrive_1_11-02-2021/02_-_Default.uasset" 582
"../../../../../../Users/l014952i/Documents/GitHub/DevilishDiner/DevilishDiner-master/Content/ArtShowcaseMap/PrototypeAssets/OneDrive_1_11-02-2021/SM_Wall_Section.uasset" 583
"../../../../../../Users/l014952i/Documents/GitHub/DevilishDiner/DevilishDiner-master/Content/ArtShowcaseMap/PrototypeAssets/OneDrive_1_11-02-2021/SM_Wall_Hatch.uasset" 584
"../../../../../../Users/l014952i/Documents/GitHub/DevilishDiner/DevilishDiner-master/Content/ArtShowcaseMap/PrototypeAssets/OneDrive_1_11-02-2021/SM_Floor.uasset" 585
"../../../../../../Users/l014952i/Documents/GitHub/DevilishDiner/DevilishDiner-master/Content/ArtShowcaseMap/PrototypeAssets/OneDrive_1_11-02-2021/Material__15.uasset" 586
"../../../../../../Users/l014952i/Documents/GitHub/DevilishDiner/DevilishDiner-master/Content/ArtShowcaseMap/PrototypeAssets/OneDrive_1_11-02-2021/SM_DinerTable.uasset" 587
"../../../../../../Users/l014952i/Documents/GitHub/DevilishDiner/DevilishDiner-master/Content/ArtShowcaseMap/PrototypeAssets/OneDrive_1_11-02-2021/Material__14.uasset" 588
"../../../../../../Users/l014952i/Documents/GitHub/DevilishDiner/DevilishDiner-master/Content/ArtShowcaseMap/PrototypeAssets/OneDrive_1_11-02-2021/SM_DinerSeat.uasset" 589
"../../../../../../Users/l014952i/Documents/GitHub/DevilishDiner/DevilishDiner-master/Content/ArtShowcaseMap/PrototypeAssets/OneDrive_1_11-02-2021/Material__16.uasset" 590
"../../../../../../Users/l014952i/Documents/GitHub/DevilishDiner/DevilishDiner-master/Content/ArtShowcaseMap/PrototypeAssets/OneDrive_1_11-02-2021/SM_DinerDivider.uasset" 591
"../../../../../../Users/l014952i/Documents/GitHub/DevilishDiner/DevilishDiner-master/Content/ArtShowcaseMap/PrototypeAssets/OneDrive_1_11-02-2021/SM_Corner_Wall.uasset" 592
"../../../../../../Users/l014952i/Documents/GitHub/DevilishDiner/DevilishDiner-master/Content/ArtShowcaseMap/PrototypeAssets/OneDrive_1_11-02-2021/Material__13.uasset" 593
"../../../../../../Users/l014952i/Documents/GitHub/DevilishDiner/DevilishDiner-master/Content/ArtShowcaseMap/PrototypeAssets/OneDrive_1_11-02-2021/SM_BarStool.uasset" 594
"../../../../../../Users/l014952i/Documents/GitHub/DevilishDiner/DevilishDiner-master/Content/ArtShowcaseMap/PrototypeAssets/OneDrive_1_11-02-2021/Material__12.uasset" 595
"../../../../../../Users/l014952i/Documents/GitHub/DevilishDiner/DevilishDiner-master/Content/ArtShowcaseMap/PrototypeAssets/OneDrive_1_11-02-2021/Material__11.uasset" 596
"../../../../../../Users/l014952i/Documents/GitHub/DevilishDiner/DevilishDiner-master/Content/ArtShowcaseMap/PrototypeAssets/OneDrive_1_11-02-2021/SM_Bar_Gate.uasset" 597
"../../../../../../Users/l014952i/Documents/GitHub/DevilishDiner/DevilishDiner-master/Content/ArtShowcaseMap/PrototypeAssets/OneDrive_1_11-02-2021/SM_Bar_Corner.uasset" 598
"../../../../../../Users/l014952i/Documents/GitHub/DevilishDiner/DevilishDiner-master/Content/ArtShowcaseMap/PrototypeAssets/OneDrive_1_11-02-2021/SM_Bar_1.uasset" 599
"../../../../../../Users/l014952i/Documents/GitHub/DevilishDiner/DevilishDiner-master/Content/ArtShowcaseMap/PrototypeAssets/OneDrive_1_11-02-2021/Material__34.uasset" 600
"../../../../../../Users/l014952i/Documents/GitHub/DevilishDiner/DevilishDiner-master/Content/ArtShowcaseMap/PrototypeAssets/OneDrive_1_11-02-2021/Plate.uasset" 601
"../../../../../../Users/l014952i/Documents/GitHub/DevilishDiner/DevilishDiner-master/Content/ArtShowcaseMap/PrototypeAssets/OneDrive_1_11-02-2021/Material__32.uasset" 602
"../../../../../../Users/l014952i/Documents/GitHub/DevilishDiner/DevilishDiner-master/Content/ArtShowcaseMap/PrototypeAssets/OneDrive_1_11-02-2021/CupTwo.uasset" 603
"../../../../../../Users/l014952i/Documents/GitHub/DevilishDiner/DevilishDiner-master/Content/ArtShowcaseMap/PrototypeAssets/OneDrive_1_11-02-2021/Material__29.uasset" 604
"../../../../../../Users/l014952i/Documents/GitHub/DevilishDiner/DevilishDiner-master/Content/ArtShowcaseMap/PrototypeAssets/OneDrive_1_11-02-2021/Cup.uasset" 605
"../../../../../../Users/l014952i/Documents/GitHub/DevilishDiner/DevilishDiner-master/Content/ArtShowcaseMap/PrototypeAssets/OneDrive_1_11-02-2021/Material__28.uasset" 606
"../../../../../../Users/l014952i/Documents/GitHub/DevilishDiner/DevilishDiner-master/Content/ArtShowcaseMap/PrototypeAssets/OneDrive_1_11-02-2021/Candle_Single_Small.uasset" 607
"../../../../../../Users/l014952i/Documents/GitHub/DevilishDiner/DevilishDiner-master/Content/ArtShowcaseMap/PrototypeAssets/OneDrive_1_11-02-2021/Candle_Single_Medium.uasset" 608
"../../../../../../Users/l014952i/Documents/GitHub/DevilishDiner/DevilishDiner-master/Content/ArtShowcaseMap/PrototypeAssets/OneDrive_1_11-02-2021/Candle_Single_Large.uasset" 609
"../../../../../../Users/l014952i/Documents/GitHub/DevilishDiner/DevilishDiner-master/Content/ArtShowcaseMap/PrototypeAssets/OneDrive_1_11-02-2021/Candle_Group_of_three.uasset" 610
"../../../../../../Users/l014952i/Documents/GitHub/DevilishDiner/DevilishDiner-master/Content/ArtShowcaseMap/PrototypeAssets/OneDrive_1_11-02-2021/Material__27.uasset" 611
"../../../../../../Users/l014952i/Documents/GitHub/DevilishDiner/DevilishDiner-master/Content/ArtShowcaseMap/PrototypeAssets/OneDrive_1_11-02-2021/Bowl.uasset" 612
"../../../../../../Users/l014952i/Documents/GitHub/DevilishDiner/DevilishDiner-master/Content/NathanCollab/Scale_Materials/Wall_Texture.uasset" 613
"../../../../../../Users/l014952i/Documents/GitHub/DevilishDiner/DevilishDiner-master/Content/NathanCollab/Scale_Materials/Wall_Mat_Scale.uasset" 614
"../../../../../../Users/l014952i/Documents/GitHub/DevilishDiner/DevilishDiner-master/Content/NathanCollab/Scale_Materials/Grid_Texture.uasset" 615
"../../../../../../Users/l014952i/Documents/GitHub/DevilishDiner/DevilishDiner-master/Content/NathanCollab/Scale_Materials/Grid_Mat_Scale.uasset" 616
"../../../../../../Users/l014952i/Documents/GitHub/DevilishDiner/DevilishDiner-master/Content/MathieuLecerfCollab/AnimationFolder/AnimationFolder/01_-_Default.uasset" 617
"../../../../../../Users/l014952i/Documents/GitHub/DevilishDiner/DevilishDiner-master/Content/ArtShowcaseMap/PrototypeAssets/OneDrive_1_11-02-2021/WoodCounter/SM_Bar_1_DefaultMaterial_Roughness.uasset" 618
"../../../../../../Users/l014952i/Documents/GitHub/DevilishDiner/DevilishDiner-master/Content/ArtShowcaseMap/PrototypeAssets/OneDrive_1_11-02-2021/WoodCounter/SM_Bar_1_DefaultMaterial_Normal.uasset" 619
"../../../../../../Users/l014952i/Documents/GitHub/DevilishDiner/DevilishDiner-master/Content/ArtShowcaseMap/PrototypeAssets/OneDrive_1_11-02-2021/WoodCounter/SM_Bar_1_DefaultMaterial_Metallic.uasset" 620
"../../../../../../Users/l014952i/Documents/GitHub/DevilishDiner/DevilishDiner-master/Content/ArtShowcaseMap/PrototypeAssets/OneDrive_1_11-02-2021/WoodCounter/SM_Bar_1_DefaultMaterial_Height.uasset" 621
"../../../../../../Users/l014952i/Documents/GitHub/DevilishDiner/DevilishDiner-master/Content/ArtShowcaseMap/PrototypeAssets/OneDrive_1_11-02-2021/WoodCounter/SM_Bar_1_DefaultMaterial_BaseColor.uasset" 622
"../../../../../../Users/l014952i/Documents/GitHub/DevilishDiner/DevilishDiner-master/Content/ArtShowcaseMap/PrototypeAssets/OneDrive_1_11-02-2021/WoodCounter/WoodCounterMat.uasset" 623
"../../../../../../Users/l014952i/Documents/GitHub/DevilishDiner/DevilishDiner-master/Content/ArtShowcaseMap/PrototypeAssets/OneDrive_1_11-02-2021/Wall_and_Floor/TX_WallAndFloor_roughness.uasset" 624
"../../../../../../Users/l014952i/Documents/GitHub/DevilishDiner/DevilishDiner-master/Content/ArtShowcaseMap/PrototypeAssets/OneDrive_1_11-02-2021/Wall_and_Floor/TX_WallAndFloor_normal.uasset" 625
"../../../../../../Users/l014952i/Documents/GitHub/DevilishDiner/DevilishDiner-master/Content/ArtShowcaseMap/PrototypeAssets/OneDrive_1_11-02-2021/Wall_and_Floor/TX_WallAndFloor_basecolor.uasset" 626
"../../../../../../Users/l014952i/Documents/GitHub/DevilishDiner/DevilishDiner-master/Content/ArtShowcaseMap/PrototypeAssets/OneDrive_1_11-02-2021/Wall_and_Floor/TX_WallandFloor_ambientocclusion.uasset" 627
"../../../../../../Users/l014952i/Documents/GitHub/DevilishDiner/DevilishDiner-master/Content/ArtShowcaseMap/PrototypeAssets/OneDrive_1_11-02-2021/Wall_and_Floor/WallAndFloor.uasset" 628
"../../../../../../Users/l014952i/Documents/GitHub/DevilishDiner/DevilishDiner-master/Content/ArtShowcaseMap/PrototypeAssets/OneDrive_1_11-02-2021/Textures_Tableware/Water_Jug_Texture.uasset" 629
"../../../../../../Users/l014952i/Documents/GitHub/DevilishDiner/DevilishDiner-master/Content/ArtShowcaseMap/PrototypeAssets/OneDrive_1_11-02-2021/Textures_Tableware/Water_Jug_Texture_Mat.uasset" 630
"../../../../../../Users/l014952i/Documents/GitHub/DevilishDiner/DevilishDiner-master/Content/ArtShowcaseMap/PrototypeAssets/OneDrive_1_11-02-2021/Textures_Tableware/Candle_s__Texture.uasset" 631
"../../../../../../Users/l014952i/Documents/GitHub/DevilishDiner/DevilishDiner-master/Content/ArtShowcaseMap/PrototypeAssets/OneDrive_1_11-02-2021/Textures_Tableware/Candle_s__Texture_Mat.uasset" 632
"../../../../../../Users/l014952i/Documents/GitHub/DevilishDiner/DevilishDiner-master/Content/ArtShowcaseMap/PrototypeAssets/OneDrive_1_11-02-2021/Textures_Tableware/Bowl_Texture.uasset" 633
"../../../../../../Users/l014952i/Documents/GitHub/DevilishDiner/DevilishDiner-master/Content/ArtShowcaseMap/PrototypeAssets/OneDrive_1_11-02-2021/Textures_Tableware/Bowl_Texture_Mat.uasset" 634
"../../../../../../Users/l014952i/Documents/GitHub/DevilishDiner/DevilishDiner-master/Content/ArtShowcaseMap/PrototypeAssets/OneDrive_1_11-02-2021/Table/SM_DinerTable_DefaultMaterial_Roughness.uasset" 635
"../../../../../../Users/l014952i/Documents/GitHub/DevilishDiner/DevilishDiner-master/Content/ArtShowcaseMap/PrototypeAssets/OneDrive_1_11-02-2021/Table/SM_DinerTable_DefaultMaterial_Normal.uasset" 636
"../../../../../../Users/l014952i/Documents/GitHub/DevilishDiner/DevilishDiner-master/Content/ArtShowcaseMap/PrototypeAssets/OneDrive_1_11-02-2021/Table/SM_DinerTable_DefaultMaterial_Metallic.uasset" 637
"../../../../../../Users/l014952i/Documents/GitHub/DevilishDiner/DevilishDiner-master/Content/ArtShowcaseMap/PrototypeAssets/OneDrive_1_11-02-2021/Table/SM_DinerTable_DefaultMaterial_Height.uasset" 638
"../../../../../../Users/l014952i/Documents/GitHub/DevilishDiner/DevilishDiner-master/Content/ArtShowcaseMap/PrototypeAssets/OneDrive_1_11-02-2021/Table/SM_DinerTable_DefaultMaterial_BaseColor.uasset" 639
"../../../../../../Users/l014952i/Documents/GitHub/DevilishDiner/DevilishDiner-master/Content/ArtShowcaseMap/PrototypeAssets/OneDrive_1_11-02-2021/Table/DinerTableMAT.uasset" 640
"../../../../../../Users/l014952i/Documents/GitHub/DevilishDiner/DevilishDiner-master/Content/ArtShowcaseMap/PrototypeAssets/OneDrive_1_11-02-2021/Seat/SM_DinerSeat_DefaultMaterial_Roughness.uasset" 641
"../../../../../../Users/l014952i/Documents/GitHub/DevilishDiner/DevilishDiner-master/Content/ArtShowcaseMap/PrototypeAssets/OneDrive_1_11-02-2021/Seat/SM_DinerSeat_DefaultMaterial_Normal.uasset" 642
"../../../../../../Users/l014952i/Documents/GitHub/DevilishDiner/DevilishDiner-master/Content/ArtShowcaseMap/PrototypeAssets/OneDrive_1_11-02-2021/Seat/SM_DinerSeat_DefaultMaterial_Metallic.uasset" 643
"../../../../../../Users/l014952i/Documents/GitHub/DevilishDiner/DevilishDiner-master/Content/ArtShowcaseMap/PrototypeAssets/OneDrive_1_11-02-2021/Seat/SM_DinerSeat_DefaultMaterial_Height.uasset" 644
"../../../../../../Users/l014952i/Documents/GitHub/DevilishDiner/DevilishDiner-master/Content/ArtShowcaseMap/PrototypeAssets/OneDrive_1_11-02-2021/Seat/SM_DinerSeat_DefaultMaterial_BaseColor.uasset" 645
"../../../../../../Users/l014952i/Documents/GitHub/DevilishDiner/DevilishDiner-master/Content/ArtShowcaseMap/PrototypeAssets/OneDrive_1_11-02-2021/Seat/DinerSeat.uasset" 646
"../../../../../../Users/l014952i/Documents/GitHub/DevilishDiner/DevilishDiner-master/Content/ArtShowcaseMap/PrototypeAssets/OneDrive_1_11-02-2021/MarbleCounter/SM_Bar_1_DefaultMaterial_Roughness.uasset" 647
"../../../../../../Users/l014952i/Documents/GitHub/DevilishDiner/DevilishDiner-master/Content/ArtShowcaseMap/PrototypeAssets/OneDrive_1_11-02-2021/MarbleCounter/SM_Bar_1_DefaultMaterial_Normal.uasset" 648
"../../../../../../Users/l014952i/Documents/GitHub/DevilishDiner/DevilishDiner-master/Content/ArtShowcaseMap/PrototypeAssets/OneDrive_1_11-02-2021/MarbleCounter/SM_Bar_1_DefaultMaterial_Metallic.uasset" 649
"../../../../../../Users/l014952i/Documents/GitHub/DevilishDiner/DevilishDiner-master/Content/ArtShowcaseMap/PrototypeAssets/OneDrive_1_11-02-2021/MarbleCounter/SM_Bar_1_DefaultMaterial_Height.uasset" 650
"../../../../../../Users/l014952i/Documents/GitHub/DevilishDiner/DevilishDiner-master/Content/ArtShowcaseMap/PrototypeAssets/OneDrive_1_11-02-2021/MarbleCounter/SM_Bar_1_DefaultMaterial_BaseColor.uasset" 651
"../../../../../../Users/l014952i/Documents/GitHub/DevilishDiner/DevilishDiner-master/Content/ArtShowcaseMap/PrototypeAssets/OneDrive_1_11-02-2021/MarbleCounter/MarbleCounter.uasset" 652
"../../../../../../Users/l014952i/Documents/GitHub/DevilishDiner/DevilishDiner-master/Content/ArtShowcaseMap/PrototypeAssets/OneDrive_1_11-02-2021/Divider/SM_DinerDivider_DefaultMaterial_Roughness.uasset" 653
"../../../../../../Users/l014952i/Documents/GitHub/DevilishDiner/DevilishDiner-master/Content/ArtShowcaseMap/PrototypeAssets/OneDrive_1_11-02-2021/Divider/SM_DinerDivider_DefaultMaterial_Normal.uasset" 654
"../../../../../../Users/l014952i/Documents/GitHub/DevilishDiner/DevilishDiner-master/Content/ArtShowcaseMap/PrototypeAssets/OneDrive_1_11-02-2021/Divider/SM_DinerDivider_DefaultMaterial_Metallic.uasset" 655
"../../../../../../Users/l014952i/Documents/GitHub/DevilishDiner/DevilishDiner-master/Content/ArtShowcaseMap/PrototypeAssets/OneDrive_1_11-02-2021/Divider/SM_DinerDivider_DefaultMaterial_Height.uasset" 656
"../../../../../../Users/l014952i/Documents/GitHub/DevilishDiner/DevilishDiner-master/Content/ArtShowcaseMap/PrototypeAssets/OneDrive_1_11-02-2021/Divider/SM_DinerDivider_DefaultMaterial_BaseColor.uasset" 657
"../../../../../../Users/l014952i/Documents/GitHub/DevilishDiner/DevilishDiner-master/Content/ArtShowcaseMap/PrototypeAssets/OneDrive_1_11-02-2021/Divider/DividerMat.uasset" 658
"../../../../../../Users/l014952i/Documents/GitHub/DevilishDiner/DevilishDiner-master/Content/ArtShowcaseMap/PrototypeAssets/OneDrive_1_11-02-2021/BarStool/SM_BarStool_DefaultMaterial_Roughness.uasset" 659
"../../../../../../Users/l014952i/Documents/GitHub/DevilishDiner/DevilishDiner-master/Content/ArtShowcaseMap/PrototypeAssets/OneDrive_1_11-02-2021/BarStool/SM_BarStool_DefaultMaterial_Normal.uasset" 660
"../../../../../../Users/l014952i/Documents/GitHub/DevilishDiner/DevilishDiner-master/Content/ArtShowcaseMap/PrototypeAssets/OneDrive_1_11-02-2021/BarStool/SM_BarStool_DefaultMaterial_Metallic.uasset" 661
"../../../../../../Users/l014952i/Documents/GitHub/DevilishDiner/DevilishDiner-master/Content/ArtShowcaseMap/PrototypeAssets/OneDrive_1_11-02-2021/BarStool/SM_BarStool_DefaultMaterial_Height.uasset" 662
"../../../../../../Users/l014952i/Documents/GitHub/DevilishDiner/DevilishDiner-master/Content/ArtShowcaseMap/PrototypeAssets/OneDrive_1_11-02-2021/BarStool/SM_BarStool_DefaultMaterial_BaseColor.uasset" 663
"../../../../../../Users/l014952i/Documents/GitHub/DevilishDiner/DevilishDiner-master/Content/ArtShowcaseMap/PrototypeAssets/OneDrive_1_11-02-2021/BarStool/BarStoolMat.uasset" 664
"../../../../../../Users/l014952i/Documents/GitHub/DevilishDiner/DevilishDiner-master/Content/ArtShowcaseMap/NewAssests/Table_Temp.uasset" 665
"../../../../../../Users/l014952i/Documents/GitHub/DevilishDiner/DevilishDiner-master/Content/ArtShowcaseMap/Art_Showcase_BuiltData.uasset" 666
"../../../../../../Users/l014952i/Documents/GitHub/DevilishDiner/DevilishDiner-master/Content/ArtShowcaseMap/Art_Showcase.umap" 667
"../../../../../../Users/l014952i/Documents/GitHub/DevilishDiner/DevilishDiner-master/Content/NathanCollab/Scale_Materials/Item_Texture.uasset" 668
"../../../../../../Users/l014952i/Documents/GitHub/DevilishDiner/DevilishDiner-master/Content/NathanCollab/Scale_Materials/Item_Texture_Mat.uasset" 669
"../../../../../../Users/l014952i/Documents/GitHub/DevilishDiner/DevilishDiner-master/Content/BenCollab/Kitchen.uasset" 670
"../../../../../../Users/l014952i/Documents/GitHub/DevilishDiner/DevilishDiner-master/Content/KimCollab/Assets/WallsandFloor/RoomAssets/inner_corner_trim.uasset" 671
"../../../../../../Users/l014952i/Documents/GitHub/DevilishDiner/DevilishDiner-master/Content/ArtShowcaseMap/Level_Development_Showcase_BuiltData.uasset" 672
"../../../../../../Users/l014952i/Documents/GitHub/DevilishDiner/DevilishDiner-master/Content/ArtShowcaseMap/Level_Development_Showcase.umap" 673
"../../../../../../Users/l014952i/Documents/GitHub/DevilishDiner/DevilishDiner-master/Content/BenCollab/Ben_LevelTest_BuiltData.uasset" 674
"../../../../../../Users/l014952i/Documents/GitHub/DevilishDiner/DevilishDiner-master/Content/JayCollab/Blueprints/BP_PointsVolume.uasset" 675
"../../../../../../Users/l014952i/Documents/GitHub/DevilishDiner/DevilishDiner-master/Content/BenCollab/Ben_LevelTest.umap" 676
"../../../../../../Users/l014952i/Documents/GitHub/DevilishDiner/DevilishDiner-master/Content/BenCollab/Level2_BuiltData.uasset" 677
"../../../../../../Users/l014952i/Documents/GitHub/DevilishDiner/DevilishDiner-master/Content/BenCollab/Level2.umap" 678
"../../../../../../Users/l014952i/Documents/GitHub/DevilishDiner/DevilishDiner-master/Content/JayCollab/Levels/LM_Development_BuiltData.uasset" 679
"../../../../../../Users/l014952i/Documents/GitHub/DevilishDiner/DevilishDiner-master/Content/JayCollab/Blueprints/DeathHazards/BP_BaseDeathHazardParent.uasset" 680
"../../../../../../Users/l014952i/Documents/GitHub/DevilishDiner/DevilishDiner-master/Content/JayCollab/Blueprints/DeathHazards/BP_Lava.uasset" 681
"../../../../../../Users/l014952i/Documents/GitHub/DevilishDiner/DevilishDiner-master/Content/JayCollab/Levels/LM_Development.umap" 682
"../../../../../../Users/l014952i/Documents/GitHub/DevilishDiner/DevilishDiner-master/Content/JayCollab/Levels/LM_TestLevel_BuiltData.uasset" 683
"../../../../../../Users/l014952i/Documents/GitHub/DevilishDiner/DevilishDiner-master/Content/ElijahCollab/Textures/Lava_basecolor.uasset" 684
"../../../../../../Users/l014952i/Documents/GitHub/DevilishDiner/DevilishDiner-master/Content/ElijahCollab/Materials/Lava_Mat.uasset" 685
"../../../../../../Users/l014952i/Documents/GitHub/DevilishDiner/DevilishDiner-master/Content/ElijahCollab/Materials/Lava_Mat_Inst.uasset" 686
"../../../../../../Users/l014952i/Documents/GitHub/DevilishDiner/DevilishDiner-master/Content/JayCollab/Levels/LM_TestLevel.umap" 687
"../../../../../../Users/l014952i/Documents/GitHub/DevilishDiner/DevilishDiner-master/Content/KlaudsCollab/Klauds_Level1.umap" 688
"../../../../../../Users/l014952i/Documents/GitHub/DevilishDiner/DevilishDiner-master/Content/MoCollab/MohitsTestLevel.umap" 689
"../../../../../../Users/l014952i/Documents/GitHub/DevilishDiner/DevilishDiner-master/Content/NathanCollab/Levels/Nathan_Buffett_BuiltData.uasset" 690
"../../../../../../Users/l014952i/Documents/GitHub/DevilishDiner/DevilishDiner-master/Content/NathanCollab/Levels/Nathan_Buffett.umap" 691
"../../../../../../Users/l014952i/Documents/GitHub/DevilishDiner/DevilishDiner-master/Content/NathanCollab/Levels/Nathan_LevelTest2_BuiltData.uasset" 692
"../../../../../../Users/l014952i/Documents/GitHub/DevilishDiner/DevilishDiner-master/Content/NathanCollab/Levels/Nathan_LevelTest2.umap" 693
"../../../Engine/Content/Maps/Entry_BuiltData.uasset" 694
"../../../Engine/Content/Maps/Entry.umap" 695
